[0.014s] Invoking command in '/home/naka-lab/action_ws/build/action_tutorials_cpp': CMAKE_PREFIX_PATH=/home/naka-lab/action_ws/install/action_tutorials_interfaces:/home/naka-lab/action_ws/install/action_tutorials_cpp:/home/naka-lab/turtlebot3_ws/install/turtlebot3_simulations:/home/naka-lab/turtlebot3_ws/install/turtlebot3_gazebo:/home/naka-lab/turtlebot3_ws/install/turtlebot3_fake_node:/opt/ros/foxy /usr/bin/cmake --build /home/naka-lab/action_ws/build/action_tutorials_cpp -- -j12 -l12
[0.043s] -- Found ament_cmake: 0.9.9 (/opt/ros/foxy/share/ament_cmake/cmake)
[0.064s] -- Using PYTHON_EXECUTABLE: /usr/bin/python3
[0.236s] -- Found action_tutorials_interfaces: 0.0.0 (/home/naka-lab/action_ws/install/action_tutorials_interfaces/share/action_tutorials_interfaces/cmake)
[0.259s] -- Using all available rosidl_typesupport_c: rosidl_typesupport_fastrtps_c;rosidl_typesupport_introspection_c
[0.263s] -- Found rosidl_adapter: 1.2.1 (/opt/ros/foxy/share/rosidl_adapter/cmake)
[0.383s] -- Using all available rosidl_typesupport_cpp: rosidl_typesupport_fastrtps_cpp;rosidl_typesupport_introspection_cpp
[1.263s] -- Found rclcpp: 2.4.0 (/opt/ros/foxy/share/rclcpp/cmake)
[1.299s] -- Found rmw_implementation_cmake: 1.0.3 (/opt/ros/foxy/share/rmw_implementation_cmake/cmake)
[1.301s] -- Using RMW implementation 'rmw_fastrtps_cpp' as default
[1.446s] -- Found rclcpp_action: 2.4.0 (/opt/ros/foxy/share/rclcpp_action/cmake)
[1.477s] -- Found rclcpp_components: 2.4.0 (/opt/ros/foxy/share/rclcpp_components/cmake)
[1.535s] -- Found ament_lint_auto: 0.9.6 (/opt/ros/foxy/share/ament_lint_auto/cmake)
[1.593s] -- Added test 'copyright' to check source files copyright and LICENSE
[1.593s] -- Added test 'cppcheck' to perform static code analysis on C / C++ code
[1.594s] -- Configured cppcheck include dirs: 
[1.594s] -- Configured cppcheck exclude dirs and/or files: 
[1.594s] -- Added test 'cpplint' to check C / C++ code against the Google style
[1.594s] -- Configured cpplint exclude dirs and/or files: 
[1.594s] -- Added test 'lint_cmake' to check CMake code style
[1.595s] -- Added test 'uncrustify' to check C / C++ code style
[1.595s] -- Configured uncrustify additional arguments: 
[1.595s] -- Added test 'xmllint' to check XML markup files
[1.599s] -- Configuring done
[1.610s] -- Generating done
[1.611s] -- Build files have been written to: /home/naka-lab/action_ws/build/action_tutorials_cpp
[1.661s] [ 50%] [32m[1mLinking CXX executable nav2_send_goal[0m
[1.836s] [100%] Built target nav2_send_goal
[1.848s] Invoked command in '/home/naka-lab/action_ws/build/action_tutorials_cpp' returned '0': CMAKE_PREFIX_PATH=/home/naka-lab/action_ws/install/action_tutorials_interfaces:/home/naka-lab/action_ws/install/action_tutorials_cpp:/home/naka-lab/turtlebot3_ws/install/turtlebot3_simulations:/home/naka-lab/turtlebot3_ws/install/turtlebot3_gazebo:/home/naka-lab/turtlebot3_ws/install/turtlebot3_fake_node:/opt/ros/foxy /usr/bin/cmake --build /home/naka-lab/action_ws/build/action_tutorials_cpp -- -j12 -l12
[1.872s] Invoking command in '/home/naka-lab/action_ws/build/action_tutorials_cpp': CMAKE_PREFIX_PATH=/home/naka-lab/action_ws/install/action_tutorials_interfaces:/home/naka-lab/action_ws/install/action_tutorials_cpp:/home/naka-lab/turtlebot3_ws/install/turtlebot3_simulations:/home/naka-lab/turtlebot3_ws/install/turtlebot3_gazebo:/home/naka-lab/turtlebot3_ws/install/turtlebot3_fake_node:/opt/ros/foxy /usr/bin/cmake --install /home/naka-lab/action_ws/build/action_tutorials_cpp
[1.881s] -- Install configuration: ""
[1.881s] -- Installing: /home/naka-lab/action_ws/install/action_tutorials_cpp/lib/action_tutorials_cpp/nav2_send_goal
[1.882s] -- Set runtime path of "/home/naka-lab/action_ws/install/action_tutorials_cpp/lib/action_tutorials_cpp/nav2_send_goal" to ""
[1.882s] -- Up-to-date: /home/naka-lab/action_ws/install/action_tutorials_cpp/share/ament_index/resource_index/package_run_dependencies/action_tutorials_cpp
[1.882s] -- Up-to-date: /home/naka-lab/action_ws/install/action_tutorials_cpp/share/ament_index/resource_index/parent_prefix_path/action_tutorials_cpp
[1.882s] -- Up-to-date: /home/naka-lab/action_ws/install/action_tutorials_cpp/share/action_tutorials_cpp/environment/ament_prefix_path.sh
[1.882s] -- Installing: /home/naka-lab/action_ws/install/action_tutorials_cpp/share/action_tutorials_cpp/environment/ament_prefix_path.dsv
[1.882s] -- Up-to-date: /home/naka-lab/action_ws/install/action_tutorials_cpp/share/action_tutorials_cpp/environment/path.sh
[1.882s] -- Installing: /home/naka-lab/action_ws/install/action_tutorials_cpp/share/action_tutorials_cpp/environment/path.dsv
[1.882s] -- Up-to-date: /home/naka-lab/action_ws/install/action_tutorials_cpp/share/action_tutorials_cpp/local_setup.bash
[1.883s] -- Up-to-date: /home/naka-lab/action_ws/install/action_tutorials_cpp/share/action_tutorials_cpp/local_setup.sh
[1.883s] -- Up-to-date: /home/naka-lab/action_ws/install/action_tutorials_cpp/share/action_tutorials_cpp/local_setup.zsh
[1.883s] -- Installing: /home/naka-lab/action_ws/install/action_tutorials_cpp/share/action_tutorials_cpp/local_setup.dsv
[1.883s] -- Installing: /home/naka-lab/action_ws/install/action_tutorials_cpp/share/action_tutorials_cpp/package.dsv
[1.883s] -- Up-to-date: /home/naka-lab/action_ws/install/action_tutorials_cpp/share/ament_index/resource_index/packages/action_tutorials_cpp
[1.883s] -- Up-to-date: /home/naka-lab/action_ws/install/action_tutorials_cpp/share/action_tutorials_cpp/cmake/action_tutorials_cppConfig.cmake
[1.883s] -- Up-to-date: /home/naka-lab/action_ws/install/action_tutorials_cpp/share/action_tutorials_cpp/cmake/action_tutorials_cppConfig-version.cmake
[1.883s] -- Up-to-date: /home/naka-lab/action_ws/install/action_tutorials_cpp/share/action_tutorials_cpp/package.xml
[1.884s] Invoked command in '/home/naka-lab/action_ws/build/action_tutorials_cpp' returned '0': CMAKE_PREFIX_PATH=/home/naka-lab/action_ws/install/action_tutorials_interfaces:/home/naka-lab/action_ws/install/action_tutorials_cpp:/home/naka-lab/turtlebot3_ws/install/turtlebot3_simulations:/home/naka-lab/turtlebot3_ws/install/turtlebot3_gazebo:/home/naka-lab/turtlebot3_ws/install/turtlebot3_fake_node:/opt/ros/foxy /usr/bin/cmake --install /home/naka-lab/action_ws/build/action_tutorials_cpp
