[0.035s] Invoking command in '/home/naka-lab/action_ws/build/cpp_pubsub': CMAKE_PREFIX_PATH=${CMAKE_PREFIX_PATH}:/opt/ros/foxy /usr/bin/cmake --build /home/naka-lab/action_ws/build/cpp_pubsub -- -j12 -l12
[0.191s] [100%] Built target listener
[0.213s] Invoked command in '/home/naka-lab/action_ws/build/cpp_pubsub' returned '0': CMAKE_PREFIX_PATH=${CMAKE_PREFIX_PATH}:/opt/ros/foxy /usr/bin/cmake --build /home/naka-lab/action_ws/build/cpp_pubsub -- -j12 -l12
[0.283s] Invoking command in '/home/naka-lab/action_ws/build/cpp_pubsub': CMAKE_PREFIX_PATH=${CMAKE_PREFIX_PATH}:/opt/ros/foxy /usr/bin/cmake --install /home/naka-lab/action_ws/build/cpp_pubsub
[0.299s] -- Install configuration: ""
[0.302s] -- Up-to-date: /home/naka-lab/action_ws/install/cpp_pubsub/lib/cpp_pubsub/listener
[0.302s] -- Up-to-date: /home/naka-lab/action_ws/install/cpp_pubsub/share/ament_index/resource_index/package_run_dependencies/cpp_pubsub
[0.303s] -- Up-to-date: /home/naka-lab/action_ws/install/cpp_pubsub/share/ament_index/resource_index/parent_prefix_path/cpp_pubsub
[0.303s] -- Up-to-date: /home/naka-lab/action_ws/install/cpp_pubsub/share/cpp_pubsub/environment/ament_prefix_path.sh
[0.303s] -- Up-to-date: /home/naka-lab/action_ws/install/cpp_pubsub/share/cpp_pubsub/environment/ament_prefix_path.dsv
[0.303s] -- Up-to-date: /home/naka-lab/action_ws/install/cpp_pubsub/share/cpp_pubsub/environment/path.sh
[0.303s] -- Up-to-date: /home/naka-lab/action_ws/install/cpp_pubsub/share/cpp_pubsub/environment/path.dsv
[0.303s] -- Up-to-date: /home/naka-lab/action_ws/install/cpp_pubsub/share/cpp_pubsub/local_setup.bash
[0.304s] -- Up-to-date: /home/naka-lab/action_ws/install/cpp_pubsub/share/cpp_pubsub/local_setup.sh
[0.304s] -- Up-to-date: /home/naka-lab/action_ws/install/cpp_pubsub/share/cpp_pubsub/local_setup.zsh
[0.304s] -- Up-to-date: /home/naka-lab/action_ws/install/cpp_pubsub/share/cpp_pubsub/local_setup.dsv
[0.304s] -- Installing: /home/naka-lab/action_ws/install/cpp_pubsub/share/cpp_pubsub/package.dsv
[0.304s] -- Up-to-date: /home/naka-lab/action_ws/install/cpp_pubsub/share/ament_index/resource_index/packages/cpp_pubsub
[0.304s] -- Up-to-date: /home/naka-lab/action_ws/install/cpp_pubsub/share/cpp_pubsub/cmake/cpp_pubsubConfig.cmake
[0.305s] -- Up-to-date: /home/naka-lab/action_ws/install/cpp_pubsub/share/cpp_pubsub/cmake/cpp_pubsubConfig-version.cmake
[0.305s] -- Up-to-date: /home/naka-lab/action_ws/install/cpp_pubsub/share/cpp_pubsub/package.xml
[0.306s] Invoked command in '/home/naka-lab/action_ws/build/cpp_pubsub' returned '0': CMAKE_PREFIX_PATH=${CMAKE_PREFIX_PATH}:/opt/ros/foxy /usr/bin/cmake --install /home/naka-lab/action_ws/build/cpp_pubsub
