[0.027s] Invoking command in '/home/naka-lab/action_ws/build/action_tutorials_cpp': CMAKE_PREFIX_PATH=/home/naka-lab/action_ws/install/action_tutorials_interfaces:/home/naka-lab/action_ws/install/cpp_pubsub:/home/naka-lab/action_ws/install/action_tutorials_cpp:/home/naka-lab/turtlebot3_ws/install/turtlebot3_simulations:/home/naka-lab/turtlebot3_ws/install/turtlebot3_gazebo:/home/naka-lab/turtlebot3_ws/install/turtlebot3_fake_node:/opt/ros/foxy /usr/bin/cmake --build /home/naka-lab/action_ws/build/action_tutorials_cpp -- -j12 -l12
[0.105s] [35m[1mScanning dependencies of target nav2_send_waypoint[0m
[0.138s] [ 50%] Built target nav2_send_goal
[0.155s] [ 75%] [32mBuilding CXX object CMakeFiles/nav2_send_waypoint.dir/src/nav2_action_client_waypoint.cpp.o[0m
[6.265s] [100%] [32m[1mLinking CXX executable nav2_send_waypoint[0m
[6.611s] [100%] Built target nav2_send_waypoint
[6.633s] Invoked command in '/home/naka-lab/action_ws/build/action_tutorials_cpp' returned '0': CMAKE_PREFIX_PATH=/home/naka-lab/action_ws/install/action_tutorials_interfaces:/home/naka-lab/action_ws/install/cpp_pubsub:/home/naka-lab/action_ws/install/action_tutorials_cpp:/home/naka-lab/turtlebot3_ws/install/turtlebot3_simulations:/home/naka-lab/turtlebot3_ws/install/turtlebot3_gazebo:/home/naka-lab/turtlebot3_ws/install/turtlebot3_fake_node:/opt/ros/foxy /usr/bin/cmake --build /home/naka-lab/action_ws/build/action_tutorials_cpp -- -j12 -l12
[6.682s] Invoking command in '/home/naka-lab/action_ws/build/action_tutorials_cpp': CMAKE_PREFIX_PATH=/home/naka-lab/action_ws/install/action_tutorials_interfaces:/home/naka-lab/action_ws/install/cpp_pubsub:/home/naka-lab/action_ws/install/action_tutorials_cpp:/home/naka-lab/turtlebot3_ws/install/turtlebot3_simulations:/home/naka-lab/turtlebot3_ws/install/turtlebot3_gazebo:/home/naka-lab/turtlebot3_ws/install/turtlebot3_fake_node:/opt/ros/foxy /usr/bin/cmake --install /home/naka-lab/action_ws/build/action_tutorials_cpp
[6.697s] -- Install configuration: ""
[6.697s] -- Up-to-date: /home/naka-lab/action_ws/install/action_tutorials_cpp/lib/action_tutorials_cpp/nav2_send_goal
[6.698s] -- Installing: /home/naka-lab/action_ws/install/action_tutorials_cpp/lib/action_tutorials_cpp/nav2_send_waypoint
[6.699s] -- Set runtime path of "/home/naka-lab/action_ws/install/action_tutorials_cpp/lib/action_tutorials_cpp/nav2_send_waypoint" to ""
[6.699s] -- Up-to-date: /home/naka-lab/action_ws/install/action_tutorials_cpp/share/ament_index/resource_index/package_run_dependencies/action_tutorials_cpp
[6.699s] -- Up-to-date: /home/naka-lab/action_ws/install/action_tutorials_cpp/share/ament_index/resource_index/parent_prefix_path/action_tutorials_cpp
[6.699s] -- Up-to-date: /home/naka-lab/action_ws/install/action_tutorials_cpp/share/action_tutorials_cpp/environment/ament_prefix_path.sh
[6.700s] -- Up-to-date: /home/naka-lab/action_ws/install/action_tutorials_cpp/share/action_tutorials_cpp/environment/ament_prefix_path.dsv
[6.700s] -- Up-to-date: /home/naka-lab/action_ws/install/action_tutorials_cpp/share/action_tutorials_cpp/environment/path.sh
[6.700s] -- Up-to-date: /home/naka-lab/action_ws/install/action_tutorials_cpp/share/action_tutorials_cpp/environment/path.dsv
[6.700s] -- Up-to-date: /home/naka-lab/action_ws/install/action_tutorials_cpp/share/action_tutorials_cpp/local_setup.bash
[6.700s] -- Up-to-date: /home/naka-lab/action_ws/install/action_tutorials_cpp/share/action_tutorials_cpp/local_setup.sh
[6.700s] -- Up-to-date: /home/naka-lab/action_ws/install/action_tutorials_cpp/share/action_tutorials_cpp/local_setup.zsh
[6.700s] -- Up-to-date: /home/naka-lab/action_ws/install/action_tutorials_cpp/share/action_tutorials_cpp/local_setup.dsv
[6.701s] -- Installing: /home/naka-lab/action_ws/install/action_tutorials_cpp/share/action_tutorials_cpp/package.dsv
[6.701s] -- Up-to-date: /home/naka-lab/action_ws/install/action_tutorials_cpp/share/ament_index/resource_index/packages/action_tutorials_cpp
[6.701s] -- Up-to-date: /home/naka-lab/action_ws/install/action_tutorials_cpp/share/action_tutorials_cpp/cmake/action_tutorials_cppConfig.cmake
[6.701s] -- Up-to-date: /home/naka-lab/action_ws/install/action_tutorials_cpp/share/action_tutorials_cpp/cmake/action_tutorials_cppConfig-version.cmake
[6.701s] -- Up-to-date: /home/naka-lab/action_ws/install/action_tutorials_cpp/share/action_tutorials_cpp/package.xml
[6.709s] Invoked command in '/home/naka-lab/action_ws/build/action_tutorials_cpp' returned '0': CMAKE_PREFIX_PATH=/home/naka-lab/action_ws/install/action_tutorials_interfaces:/home/naka-lab/action_ws/install/cpp_pubsub:/home/naka-lab/action_ws/install/action_tutorials_cpp:/home/naka-lab/turtlebot3_ws/install/turtlebot3_simulations:/home/naka-lab/turtlebot3_ws/install/turtlebot3_gazebo:/home/naka-lab/turtlebot3_ws/install/turtlebot3_fake_node:/opt/ros/foxy /usr/bin/cmake --install /home/naka-lab/action_ws/build/action_tutorials_cpp
