[0.018s] Invoking command in '/home/naka-lab/action_ws/build/action_tutorials_cpp': CMAKE_PREFIX_PATH=/home/naka-lab/action_ws/install/action_tutorials_interfaces:/home/naka-lab/action_ws/install/cpp_pubsub:/home/naka-lab/action_ws/install/action_tutorials_cpp:/home/naka-lab/turtlebot3_ws/install/turtlebot3_simulations:/home/naka-lab/turtlebot3_ws/install/turtlebot3_gazebo:/home/naka-lab/turtlebot3_ws/install/turtlebot3_fake_node:/opt/ros/foxy /usr/bin/cmake --build /home/naka-lab/action_ws/build/action_tutorials_cpp -- -j12 -l12
[0.081s] [35m[1mScanning dependencies of target nav2_send_waypoint[0m
[0.119s] [ 50%] Built target nav2_send_goal
[0.131s] [ 75%] [32mBuilding CXX object CMakeFiles/nav2_send_waypoint.dir/src/nav2_action_client_waypoint.cpp.o[0m
[4.609s] [100%] [32m[1mLinking CXX executable nav2_send_waypoint[0m
[4.775s] [100%] Built target nav2_send_waypoint
[4.784s] Invoked command in '/home/naka-lab/action_ws/build/action_tutorials_cpp' returned '0': CMAKE_PREFIX_PATH=/home/naka-lab/action_ws/install/action_tutorials_interfaces:/home/naka-lab/action_ws/install/cpp_pubsub:/home/naka-lab/action_ws/install/action_tutorials_cpp:/home/naka-lab/turtlebot3_ws/install/turtlebot3_simulations:/home/naka-lab/turtlebot3_ws/install/turtlebot3_gazebo:/home/naka-lab/turtlebot3_ws/install/turtlebot3_fake_node:/opt/ros/foxy /usr/bin/cmake --build /home/naka-lab/action_ws/build/action_tutorials_cpp -- -j12 -l12
[4.807s] Invoking command in '/home/naka-lab/action_ws/build/action_tutorials_cpp': CMAKE_PREFIX_PATH=/home/naka-lab/action_ws/install/action_tutorials_interfaces:/home/naka-lab/action_ws/install/cpp_pubsub:/home/naka-lab/action_ws/install/action_tutorials_cpp:/home/naka-lab/turtlebot3_ws/install/turtlebot3_simulations:/home/naka-lab/turtlebot3_ws/install/turtlebot3_gazebo:/home/naka-lab/turtlebot3_ws/install/turtlebot3_fake_node:/opt/ros/foxy /usr/bin/cmake --install /home/naka-lab/action_ws/build/action_tutorials_cpp
[4.813s] -- Install configuration: ""
[4.813s] -- Up-to-date: /home/naka-lab/action_ws/install/action_tutorials_cpp/lib/action_tutorials_cpp/nav2_send_goal
[4.814s] -- Installing: /home/naka-lab/action_ws/install/action_tutorials_cpp/lib/action_tutorials_cpp/nav2_send_waypoint
[4.815s] -- Set runtime path of "/home/naka-lab/action_ws/install/action_tutorials_cpp/lib/action_tutorials_cpp/nav2_send_waypoint" to ""
[4.815s] -- Up-to-date: /home/naka-lab/action_ws/install/action_tutorials_cpp/share/ament_index/resource_index/package_run_dependencies/action_tutorials_cpp
[4.815s] -- Up-to-date: /home/naka-lab/action_ws/install/action_tutorials_cpp/share/ament_index/resource_index/parent_prefix_path/action_tutorials_cpp
[4.815s] -- Up-to-date: /home/naka-lab/action_ws/install/action_tutorials_cpp/share/action_tutorials_cpp/environment/ament_prefix_path.sh
[4.815s] -- Up-to-date: /home/naka-lab/action_ws/install/action_tutorials_cpp/share/action_tutorials_cpp/environment/ament_prefix_path.dsv
[4.815s] -- Up-to-date: /home/naka-lab/action_ws/install/action_tutorials_cpp/share/action_tutorials_cpp/environment/path.sh
[4.815s] -- Up-to-date: /home/naka-lab/action_ws/install/action_tutorials_cpp/share/action_tutorials_cpp/environment/path.dsv
[4.815s] -- Up-to-date: /home/naka-lab/action_ws/install/action_tutorials_cpp/share/action_tutorials_cpp/local_setup.bash
[4.815s] -- Up-to-date: /home/naka-lab/action_ws/install/action_tutorials_cpp/share/action_tutorials_cpp/local_setup.sh
[4.815s] -- Up-to-date: /home/naka-lab/action_ws/install/action_tutorials_cpp/share/action_tutorials_cpp/local_setup.zsh
[4.815s] -- Up-to-date: /home/naka-lab/action_ws/install/action_tutorials_cpp/share/action_tutorials_cpp/local_setup.dsv
[4.816s] -- Installing: /home/naka-lab/action_ws/install/action_tutorials_cpp/share/action_tutorials_cpp/package.dsv
[4.816s] -- Up-to-date: /home/naka-lab/action_ws/install/action_tutorials_cpp/share/ament_index/resource_index/packages/action_tutorials_cpp
[4.816s] -- Up-to-date: /home/naka-lab/action_ws/install/action_tutorials_cpp/share/action_tutorials_cpp/cmake/action_tutorials_cppConfig.cmake
[4.816s] -- Up-to-date: /home/naka-lab/action_ws/install/action_tutorials_cpp/share/action_tutorials_cpp/cmake/action_tutorials_cppConfig-version.cmake
[4.816s] -- Up-to-date: /home/naka-lab/action_ws/install/action_tutorials_cpp/share/action_tutorials_cpp/package.xml
[4.817s] Invoked command in '/home/naka-lab/action_ws/build/action_tutorials_cpp' returned '0': CMAKE_PREFIX_PATH=/home/naka-lab/action_ws/install/action_tutorials_interfaces:/home/naka-lab/action_ws/install/cpp_pubsub:/home/naka-lab/action_ws/install/action_tutorials_cpp:/home/naka-lab/turtlebot3_ws/install/turtlebot3_simulations:/home/naka-lab/turtlebot3_ws/install/turtlebot3_gazebo:/home/naka-lab/turtlebot3_ws/install/turtlebot3_fake_node:/opt/ros/foxy /usr/bin/cmake --install /home/naka-lab/action_ws/build/action_tutorials_cpp
