[0.010s] Invoking command in '/home/naka-lab/action_ws/build/action_tutorials_cpp': AMENT_PREFIX_PATH=/home/naka-lab/action_ws/install/action_tutorials_interfaces:${AMENT_PREFIX_PATH} CMAKE_PREFIX_PATH=/home/naka-lab/action_ws/install/action_tutorials_interfaces:/home/naka-lab/turtlebot3_ws/install/turtlebot3_simulations:/home/naka-lab/turtlebot3_ws/install/turtlebot3_gazebo:/home/naka-lab/turtlebot3_ws/install/turtlebot3_fake_node:/opt/ros/foxy LD_LIBRARY_PATH=/home/naka-lab/action_ws/install/action_tutorials_interfaces/lib:${LD_LIBRARY_PATH} PYTHONPATH=/home/naka-lab/action_ws/install/action_tutorials_interfaces/lib/python3.8/site-packages:${PYTHONPATH} /usr/bin/cmake --build /home/naka-lab/action_ws/build/action_tutorials_cpp -- -j12 -l12
[0.044s] [35m[1mScanning dependencies of target nav2_send_waypoint[0m
[0.061s] [ 50%] Built target nav2_send_goal
[0.068s] [ 75%] [32mBuilding CXX object CMakeFiles/nav2_send_waypoint.dir/src/nav2_action_client_waypoint.cpp.o[0m
[2.529s] [100%] [32m[1mLinking CXX executable nav2_send_waypoint[0m
[2.681s] [100%] Built target nav2_send_waypoint
[2.692s] Invoked command in '/home/naka-lab/action_ws/build/action_tutorials_cpp' returned '0': AMENT_PREFIX_PATH=/home/naka-lab/action_ws/install/action_tutorials_interfaces:${AMENT_PREFIX_PATH} CMAKE_PREFIX_PATH=/home/naka-lab/action_ws/install/action_tutorials_interfaces:/home/naka-lab/turtlebot3_ws/install/turtlebot3_simulations:/home/naka-lab/turtlebot3_ws/install/turtlebot3_gazebo:/home/naka-lab/turtlebot3_ws/install/turtlebot3_fake_node:/opt/ros/foxy LD_LIBRARY_PATH=/home/naka-lab/action_ws/install/action_tutorials_interfaces/lib:${LD_LIBRARY_PATH} PYTHONPATH=/home/naka-lab/action_ws/install/action_tutorials_interfaces/lib/python3.8/site-packages:${PYTHONPATH} /usr/bin/cmake --build /home/naka-lab/action_ws/build/action_tutorials_cpp -- -j12 -l12
[2.713s] Invoking command in '/home/naka-lab/action_ws/build/action_tutorials_cpp': AMENT_PREFIX_PATH=/home/naka-lab/action_ws/install/action_tutorials_interfaces:${AMENT_PREFIX_PATH} CMAKE_PREFIX_PATH=/home/naka-lab/action_ws/install/action_tutorials_interfaces:/home/naka-lab/turtlebot3_ws/install/turtlebot3_simulations:/home/naka-lab/turtlebot3_ws/install/turtlebot3_gazebo:/home/naka-lab/turtlebot3_ws/install/turtlebot3_fake_node:/opt/ros/foxy LD_LIBRARY_PATH=/home/naka-lab/action_ws/install/action_tutorials_interfaces/lib:${LD_LIBRARY_PATH} PYTHONPATH=/home/naka-lab/action_ws/install/action_tutorials_interfaces/lib/python3.8/site-packages:${PYTHONPATH} /usr/bin/cmake --install /home/naka-lab/action_ws/build/action_tutorials_cpp
[2.720s] -- Install configuration: ""
[2.720s] -- Up-to-date: /home/naka-lab/action_ws/install/action_tutorials_cpp/lib/action_tutorials_cpp/nav2_send_goal
[2.720s] -- Installing: /home/naka-lab/action_ws/install/action_tutorials_cpp/lib/action_tutorials_cpp/nav2_send_waypoint
[2.721s] -- Set runtime path of "/home/naka-lab/action_ws/install/action_tutorials_cpp/lib/action_tutorials_cpp/nav2_send_waypoint" to ""
[2.721s] -- Up-to-date: /home/naka-lab/action_ws/install/action_tutorials_cpp/share/ament_index/resource_index/package_run_dependencies/action_tutorials_cpp
[2.722s] -- Up-to-date: /home/naka-lab/action_ws/install/action_tutorials_cpp/share/ament_index/resource_index/parent_prefix_path/action_tutorials_cpp
[2.722s] -- Up-to-date: /home/naka-lab/action_ws/install/action_tutorials_cpp/share/action_tutorials_cpp/environment/ament_prefix_path.sh
[2.722s] -- Up-to-date: /home/naka-lab/action_ws/install/action_tutorials_cpp/share/action_tutorials_cpp/environment/ament_prefix_path.dsv
[2.722s] -- Up-to-date: /home/naka-lab/action_ws/install/action_tutorials_cpp/share/action_tutorials_cpp/environment/path.sh
[2.722s] -- Up-to-date: /home/naka-lab/action_ws/install/action_tutorials_cpp/share/action_tutorials_cpp/environment/path.dsv
[2.722s] -- Up-to-date: /home/naka-lab/action_ws/install/action_tutorials_cpp/share/action_tutorials_cpp/local_setup.bash
[2.722s] -- Up-to-date: /home/naka-lab/action_ws/install/action_tutorials_cpp/share/action_tutorials_cpp/local_setup.sh
[2.722s] -- Up-to-date: /home/naka-lab/action_ws/install/action_tutorials_cpp/share/action_tutorials_cpp/local_setup.zsh
[2.722s] -- Up-to-date: /home/naka-lab/action_ws/install/action_tutorials_cpp/share/action_tutorials_cpp/local_setup.dsv
[2.722s] -- Installing: /home/naka-lab/action_ws/install/action_tutorials_cpp/share/action_tutorials_cpp/package.dsv
[2.723s] -- Up-to-date: /home/naka-lab/action_ws/install/action_tutorials_cpp/share/ament_index/resource_index/packages/action_tutorials_cpp
[2.723s] -- Up-to-date: /home/naka-lab/action_ws/install/action_tutorials_cpp/share/action_tutorials_cpp/cmake/action_tutorials_cppConfig.cmake
[2.723s] -- Up-to-date: /home/naka-lab/action_ws/install/action_tutorials_cpp/share/action_tutorials_cpp/cmake/action_tutorials_cppConfig-version.cmake
[2.723s] -- Up-to-date: /home/naka-lab/action_ws/install/action_tutorials_cpp/share/action_tutorials_cpp/package.xml
[2.725s] Invoked command in '/home/naka-lab/action_ws/build/action_tutorials_cpp' returned '0': AMENT_PREFIX_PATH=/home/naka-lab/action_ws/install/action_tutorials_interfaces:${AMENT_PREFIX_PATH} CMAKE_PREFIX_PATH=/home/naka-lab/action_ws/install/action_tutorials_interfaces:/home/naka-lab/turtlebot3_ws/install/turtlebot3_simulations:/home/naka-lab/turtlebot3_ws/install/turtlebot3_gazebo:/home/naka-lab/turtlebot3_ws/install/turtlebot3_fake_node:/opt/ros/foxy LD_LIBRARY_PATH=/home/naka-lab/action_ws/install/action_tutorials_interfaces/lib:${LD_LIBRARY_PATH} PYTHONPATH=/home/naka-lab/action_ws/install/action_tutorials_interfaces/lib/python3.8/site-packages:${PYTHONPATH} /usr/bin/cmake --install /home/naka-lab/action_ws/build/action_tutorials_cpp
