[0.011s] Invoking command in '/home/naka-lab/action_ws/build/action_tutorials_cpp': CMAKE_PREFIX_PATH=/home/naka-lab/action_ws/install/action_tutorials_interfaces:/home/naka-lab/action_ws/install/cpp_pubsub:/home/naka-lab/action_ws/install/action_tutorials_cpp:/home/naka-lab/turtlebot3_ws/install/turtlebot3_simulations:/home/naka-lab/turtlebot3_ws/install/turtlebot3_gazebo:/home/naka-lab/turtlebot3_ws/install/turtlebot3_fake_node:/opt/ros/foxy /usr/bin/cmake --build /home/naka-lab/action_ws/build/action_tutorials_cpp -- -j12 -l12
[0.039s] -- Found ament_cmake: 0.9.9 (/opt/ros/foxy/share/ament_cmake/cmake)
[0.061s] -- Using PYTHON_EXECUTABLE: /usr/bin/python3
[0.229s] -- Found action_tutorials_interfaces: 0.0.0 (/home/naka-lab/action_ws/install/action_tutorials_interfaces/share/action_tutorials_interfaces/cmake)
[0.252s] -- Using all available rosidl_typesupport_c: rosidl_typesupport_fastrtps_c;rosidl_typesupport_introspection_c
[0.258s] -- Found rosidl_adapter: 1.2.1 (/opt/ros/foxy/share/rosidl_adapter/cmake)
[0.378s] -- Using all available rosidl_typesupport_cpp: rosidl_typesupport_fastrtps_cpp;rosidl_typesupport_introspection_cpp
[1.189s] -- Found rclcpp: 2.4.1 (/opt/ros/foxy/share/rclcpp/cmake)
[1.224s] -- Found rmw_implementation_cmake: 1.0.3 (/opt/ros/foxy/share/rmw_implementation_cmake/cmake)
[1.225s] -- Using RMW implementation 'rmw_fastrtps_cpp' as default
[1.359s] -- Found rclcpp_action: 2.4.1 (/opt/ros/foxy/share/rclcpp_action/cmake)
[1.389s] -- Found rclcpp_components: 2.4.1 (/opt/ros/foxy/share/rclcpp_components/cmake)
[1.447s] -- Found ament_lint_auto: 0.9.6 (/opt/ros/foxy/share/ament_lint_auto/cmake)
[1.508s] -- Added test 'copyright' to check source files copyright and LICENSE
[1.508s] -- Added test 'cppcheck' to perform static code analysis on C / C++ code
[1.509s] -- Configured cppcheck include dirs: 
[1.509s] -- Configured cppcheck exclude dirs and/or files: 
[1.509s] -- Added test 'cpplint' to check C / C++ code against the Google style
[1.509s] -- Configured cpplint exclude dirs and/or files: 
[1.510s] -- Added test 'lint_cmake' to check CMake code style
[1.510s] -- Added test 'uncrustify' to check C / C++ code style
[1.510s] -- Configured uncrustify additional arguments: 
[1.511s] -- Added test 'xmllint' to check XML markup files
[1.514s] -- Configuring done
[1.515s] CMake Error at CMakeLists.txt:35 (add_executable):
[1.516s]   Cannot find source file:
[1.516s] 
[1.516s]     src/subscriber_member_function.cpp
[1.516s] 
[1.516s]   Tried extensions .c .C .c++ .cc .cpp .cxx .cu .m .M .mm .h .hh .h++ .hm
[1.516s]   .hpp .hxx .in .txx
[1.516s] 
[1.516s] 
[1.516s] CMake Error at CMakeLists.txt:35 (add_executable):
[1.516s]   No SOURCES given to target: listener
[1.516s] 
[1.516s] 
[1.516s] CMake Generate step failed.  Build files cannot be regenerated correctly.
[1.524s] make: *** [Makefile:310: cmake_check_build_system] Error 1
[1.526s] Invoked command in '/home/naka-lab/action_ws/build/action_tutorials_cpp' returned '2': CMAKE_PREFIX_PATH=/home/naka-lab/action_ws/install/action_tutorials_interfaces:/home/naka-lab/action_ws/install/cpp_pubsub:/home/naka-lab/action_ws/install/action_tutorials_cpp:/home/naka-lab/turtlebot3_ws/install/turtlebot3_simulations:/home/naka-lab/turtlebot3_ws/install/turtlebot3_gazebo:/home/naka-lab/turtlebot3_ws/install/turtlebot3_fake_node:/opt/ros/foxy /usr/bin/cmake --build /home/naka-lab/action_ws/build/action_tutorials_cpp -- -j12 -l12
