-- Found ament_cmake: 0.9.9 (/opt/ros/foxy/share/ament_cmake/cmake)
-- Found PythonInterp: /usr/bin/python3 (found suitable version "3.8.10", minimum required is "3") 
-- Using PYTHON_EXECUTABLE: /usr/bin/python3
-- Found rosidl_default_generators: 1.0.1 (/opt/ros/foxy/share/rosidl_default_generators/cmake)
-- Using all available rosidl_typesupport_c: rosidl_typesupport_fastrtps_c;rosidl_typesupport_introspection_c
-- Found rosidl_adapter: 1.2.1 (/opt/ros/foxy/share/rosidl_adapter/cmake)
-- Using all available rosidl_typesupport_cpp: rosidl_typesupport_fastrtps_cpp;rosidl_typesupport_introspection_cpp
-- Found geometry_msgs: 2.0.4 (/opt/ros/foxy/share/geometry_msgs/cmake)
-- Found PythonInterp: /usr/bin/python3 (found version "3.8.10") 
-- Found ament_cmake_ros: 0.9.2 (/opt/ros/foxy/share/ament_cmake_ros/cmake)
-- Using all available rosidl_typesupport_c: rosidl_typesupport_fastrtps_c;rosidl_typesupport_introspection_c
-- Using all available rosidl_typesupport_cpp: rosidl_typesupport_fastrtps_cpp;rosidl_typesupport_introspection_cpp
-- Found PythonInterp: /usr/bin/python3 (found suitable version "3.8.10", minimum required is "3.5") 
-- Found python_cmake_module: 0.8.1 (/opt/ros/foxy/share/python_cmake_module/cmake)
-- Using PYTHON_EXECUTABLE: /usr/bin/python3
-- Using PYTHON_INCLUDE_DIRS: /usr/include/python3.8
-- Using PYTHON_LIBRARIES: /usr/lib/x86_64-linux-gnu/libpython3.8.so
-- Found ament_lint_auto: 0.9.6 (/opt/ros/foxy/share/ament_lint_auto/cmake)
-- Added test 'copyright' to check source files copyright and LICENSE
-- Added test 'cppcheck' to perform static code analysis on C / C++ code
-- Configured cppcheck include dirs: 
-- Configured cppcheck exclude dirs and/or files: 
-- Added test 'cpplint' to check C / C++ code against the Google style
-- Configured cpplint exclude dirs and/or files: 
-- Added test 'flake8' to check Python code syntax and style conventions
-- Added test 'lint_cmake' to check CMake code style
-- Added test 'pep257' to check Python code against some of the style conventions in PEP 257
-- Added test 'uncrustify' to check C / C++ code style
-- Configured uncrustify additional arguments: 
-- Added test 'xmllint' to check XML markup files
-- Configuring done
-- Generating done
-- Build files have been written to: /home/naka-lab/action_ws/build/action_tutorials_interfaces
[  3%] Built target action_tutorials_interfaces__cpp
[ 12%] Built target action_tutorials_interfaces__rosidl_generator_c
[ 32%] Built target action_tutorials_interfaces__rosidl_typesupport_introspection_cpp
[ 32%] Built target action_tutorials_interfaces__rosidl_typesupport_cpp
[ 41%] Built target action_tutorials_interfaces__rosidl_typesupport_c
[ 51%] Built target action_tutorials_interfaces__rosidl_typesupport_introspection_c
[ 61%] Built target action_tutorials_interfaces__rosidl_typesupport_fastrtps_cpp
[ 70%] Built target action_tutorials_interfaces__rosidl_typesupport_fastrtps_c
[ 70%] Built target action_tutorials_interfaces
[ 74%] Built target action_tutorials_interfaces__py
[ 80%] Built target action_tutorials_interfaces__python
[ 96%] Built target action_tutorials_interfaces__rosidl_typesupport_c__pyext
[ 96%] Built target action_tutorials_interfaces__rosidl_typesupport_introspection_c__pyext
[100%] Built target action_tutorials_interfaces__rosidl_typesupport_fastrtps_c__pyext
-- Install configuration: ""
-- Up-to-date: /home/naka-lab/action_ws/install/action_tutorials_interfaces/share/ament_index/resource_index/rosidl_interfaces/action_tutorials_interfaces
-- Up-to-date: /home/naka-lab/action_ws/install/action_tutorials_interfaces/include/action_tutorials_interfaces
-- Up-to-date: /home/naka-lab/action_ws/install/action_tutorials_interfaces/include/action_tutorials_interfaces/msg
-- Up-to-date: /home/naka-lab/action_ws/install/action_tutorials_interfaces/include/action_tutorials_interfaces/msg/rosidl_generator_c__visibility_control.h
-- Up-to-date: /home/naka-lab/action_ws/install/action_tutorials_interfaces/include/action_tutorials_interfaces/action
-- Up-to-date: /home/naka-lab/action_ws/install/action_tutorials_interfaces/include/action_tutorials_interfaces/action/navigate_to_pose.h
-- Up-to-date: /home/naka-lab/action_ws/install/action_tutorials_interfaces/include/action_tutorials_interfaces/action/detail
-- Up-to-date: /home/naka-lab/action_ws/install/action_tutorials_interfaces/include/action_tutorials_interfaces/action/detail/navigate_to_pose__functions.h
-- Up-to-date: /home/naka-lab/action_ws/install/action_tutorials_interfaces/include/action_tutorials_interfaces/action/detail/navigate_to_pose__struct.h
-- Up-to-date: /home/naka-lab/action_ws/install/action_tutorials_interfaces/include/action_tutorials_interfaces/action/detail/navigate_to_pose__functions.c
-- Up-to-date: /home/naka-lab/action_ws/install/action_tutorials_interfaces/include/action_tutorials_interfaces/action/detail/navigate_to_pose__type_support.h
-- Up-to-date: /home/naka-lab/action_ws/install/action_tutorials_interfaces/share/action_tutorials_interfaces/environment/library_path.sh
-- Installing: /home/naka-lab/action_ws/install/action_tutorials_interfaces/share/action_tutorials_interfaces/environment/library_path.dsv
-- Up-to-date: /home/naka-lab/action_ws/install/action_tutorials_interfaces/lib/libaction_tutorials_interfaces__rosidl_generator_c.so
-- Up-to-date: /home/naka-lab/action_ws/install/action_tutorials_interfaces/include/action_tutorials_interfaces
-- Up-to-date: /home/naka-lab/action_ws/install/action_tutorials_interfaces/include/action_tutorials_interfaces/msg
-- Up-to-date: /home/naka-lab/action_ws/install/action_tutorials_interfaces/include/action_tutorials_interfaces/msg/rosidl_typesupport_fastrtps_c__visibility_control.h
-- Up-to-date: /home/naka-lab/action_ws/install/action_tutorials_interfaces/include/action_tutorials_interfaces/action
-- Up-to-date: /home/naka-lab/action_ws/install/action_tutorials_interfaces/include/action_tutorials_interfaces/action/detail
-- Up-to-date: /home/naka-lab/action_ws/install/action_tutorials_interfaces/include/action_tutorials_interfaces/action/detail/navigate_to_pose__rosidl_typesupport_fastrtps_c.h
-- Up-to-date: /home/naka-lab/action_ws/install/action_tutorials_interfaces/lib/libaction_tutorials_interfaces__rosidl_typesupport_fastrtps_c.so
-- Up-to-date: /home/naka-lab/action_ws/install/action_tutorials_interfaces/include/action_tutorials_interfaces
-- Up-to-date: /home/naka-lab/action_ws/install/action_tutorials_interfaces/include/action_tutorials_interfaces/msg
-- Up-to-date: /home/naka-lab/action_ws/install/action_tutorials_interfaces/include/action_tutorials_interfaces/msg/rosidl_typesupport_fastrtps_cpp__visibility_control.h
-- Up-to-date: /home/naka-lab/action_ws/install/action_tutorials_interfaces/include/action_tutorials_interfaces/action
-- Up-to-date: /home/naka-lab/action_ws/install/action_tutorials_interfaces/include/action_tutorials_interfaces/action/detail
-- Up-to-date: /home/naka-lab/action_ws/install/action_tutorials_interfaces/include/action_tutorials_interfaces/action/detail/navigate_to_pose__rosidl_typesupport_fastrtps_cpp.hpp
-- Up-to-date: /home/naka-lab/action_ws/install/action_tutorials_interfaces/include/action_tutorials_interfaces/action/detail/dds_fastrtps
-- Up-to-date: /home/naka-lab/action_ws/install/action_tutorials_interfaces/lib/libaction_tutorials_interfaces__rosidl_typesupport_fastrtps_cpp.so
-- Up-to-date: /home/naka-lab/action_ws/install/action_tutorials_interfaces/include/action_tutorials_interfaces
-- Up-to-date: /home/naka-lab/action_ws/install/action_tutorials_interfaces/include/action_tutorials_interfaces/msg
-- Up-to-date: /home/naka-lab/action_ws/install/action_tutorials_interfaces/include/action_tutorials_interfaces/msg/rosidl_typesupport_introspection_c__visibility_control.h
-- Up-to-date: /home/naka-lab/action_ws/install/action_tutorials_interfaces/include/action_tutorials_interfaces/action
-- Up-to-date: /home/naka-lab/action_ws/install/action_tutorials_interfaces/include/action_tutorials_interfaces/action/detail
-- Up-to-date: /home/naka-lab/action_ws/install/action_tutorials_interfaces/include/action_tutorials_interfaces/action/detail/navigate_to_pose__type_support.c
-- Up-to-date: /home/naka-lab/action_ws/install/action_tutorials_interfaces/include/action_tutorials_interfaces/action/detail/navigate_to_pose__rosidl_typesupport_introspection_c.h
-- Up-to-date: /home/naka-lab/action_ws/install/action_tutorials_interfaces/lib/libaction_tutorials_interfaces__rosidl_typesupport_introspection_c.so
-- Up-to-date: /home/naka-lab/action_ws/install/action_tutorials_interfaces/lib/libaction_tutorials_interfaces__rosidl_typesupport_c.so
-- Up-to-date: /home/naka-lab/action_ws/install/action_tutorials_interfaces/include/action_tutorials_interfaces
-- Up-to-date: /home/naka-lab/action_ws/install/action_tutorials_interfaces/include/action_tutorials_interfaces/action
-- Up-to-date: /home/naka-lab/action_ws/install/action_tutorials_interfaces/include/action_tutorials_interfaces/action/navigate_to_pose.hpp
-- Up-to-date: /home/naka-lab/action_ws/install/action_tutorials_interfaces/include/action_tutorials_interfaces/action/detail
-- Up-to-date: /home/naka-lab/action_ws/install/action_tutorials_interfaces/include/action_tutorials_interfaces/action/detail/navigate_to_pose__builder.hpp
-- Up-to-date: /home/naka-lab/action_ws/install/action_tutorials_interfaces/include/action_tutorials_interfaces/action/detail/navigate_to_pose__traits.hpp
-- Up-to-date: /home/naka-lab/action_ws/install/action_tutorials_interfaces/include/action_tutorials_interfaces/action/detail/navigate_to_pose__struct.hpp
-- Up-to-date: /home/naka-lab/action_ws/install/action_tutorials_interfaces/include/action_tutorials_interfaces
-- Up-to-date: /home/naka-lab/action_ws/install/action_tutorials_interfaces/include/action_tutorials_interfaces/action
-- Up-to-date: /home/naka-lab/action_ws/install/action_tutorials_interfaces/include/action_tutorials_interfaces/action/detail
-- Up-to-date: /home/naka-lab/action_ws/install/action_tutorials_interfaces/include/action_tutorials_interfaces/action/detail/navigate_to_pose__rosidl_typesupport_introspection_cpp.hpp
-- Up-to-date: /home/naka-lab/action_ws/install/action_tutorials_interfaces/include/action_tutorials_interfaces/action/detail/navigate_to_pose__type_support.cpp
-- Up-to-date: /home/naka-lab/action_ws/install/action_tutorials_interfaces/lib/libaction_tutorials_interfaces__rosidl_typesupport_introspection_cpp.so
-- Up-to-date: /home/naka-lab/action_ws/install/action_tutorials_interfaces/lib/libaction_tutorials_interfaces__rosidl_typesupport_cpp.so
-- Up-to-date: /home/naka-lab/action_ws/install/action_tutorials_interfaces/share/action_tutorials_interfaces/environment/pythonpath.sh
-- Installing: /home/naka-lab/action_ws/install/action_tutorials_interfaces/share/action_tutorials_interfaces/environment/pythonpath.dsv
-- Installing: /home/naka-lab/action_ws/install/action_tutorials_interfaces/lib/python3.8/site-packages/action_tutorials_interfaces/__init__.py
Compiling '/home/naka-lab/action_ws/install/action_tutorials_interfaces/lib/python3.8/site-packages/action_tutorials_interfaces/__init__.py'...
-- Up-to-date: /home/naka-lab/action_ws/install/action_tutorials_interfaces/lib/python3.8/site-packages/action_tutorials_interfaces/action
-- Up-to-date: /home/naka-lab/action_ws/install/action_tutorials_interfaces/lib/python3.8/site-packages/action_tutorials_interfaces/action/_navigate_to_pose_s.c
-- Up-to-date: /home/naka-lab/action_ws/install/action_tutorials_interfaces/lib/python3.8/site-packages/action_tutorials_interfaces/action/__init__.py
-- Up-to-date: /home/naka-lab/action_ws/install/action_tutorials_interfaces/lib/python3.8/site-packages/action_tutorials_interfaces/action/_navigate_to_pose.py
-- Up-to-date: /home/naka-lab/action_ws/install/action_tutorials_interfaces/lib/python3.8/site-packages/action_tutorials_interfaces/action_tutorials_interfaces_s__rosidl_typesupport_fastrtps_c.cpython-38-x86_64-linux-gnu.so
-- Up-to-date: /home/naka-lab/action_ws/install/action_tutorials_interfaces/lib/python3.8/site-packages/action_tutorials_interfaces/action_tutorials_interfaces_s__rosidl_typesupport_introspection_c.cpython-38-x86_64-linux-gnu.so
-- Up-to-date: /home/naka-lab/action_ws/install/action_tutorials_interfaces/lib/python3.8/site-packages/action_tutorials_interfaces/action_tutorials_interfaces_s__rosidl_typesupport_c.cpython-38-x86_64-linux-gnu.so
-- Up-to-date: /home/naka-lab/action_ws/install/action_tutorials_interfaces/lib/libaction_tutorials_interfaces__python.so
-- Up-to-date: /home/naka-lab/action_ws/install/action_tutorials_interfaces/share/action_tutorials_interfaces/action/NavigateToPose.idl
-- Up-to-date: /home/naka-lab/action_ws/install/action_tutorials_interfaces/share/action_tutorials_interfaces/action/NavigateToPose.action
-- Installing: /home/naka-lab/action_ws/install/action_tutorials_interfaces/share/ament_index/resource_index/package_run_dependencies/action_tutorials_interfaces
-- Up-to-date: /home/naka-lab/action_ws/install/action_tutorials_interfaces/share/ament_index/resource_index/parent_prefix_path/action_tutorials_interfaces
-- Up-to-date: /home/naka-lab/action_ws/install/action_tutorials_interfaces/share/action_tutorials_interfaces/environment/ament_prefix_path.sh
-- Installing: /home/naka-lab/action_ws/install/action_tutorials_interfaces/share/action_tutorials_interfaces/environment/ament_prefix_path.dsv
-- Up-to-date: /home/naka-lab/action_ws/install/action_tutorials_interfaces/share/action_tutorials_interfaces/environment/path.sh
-- Installing: /home/naka-lab/action_ws/install/action_tutorials_interfaces/share/action_tutorials_interfaces/environment/path.dsv
-- Up-to-date: /home/naka-lab/action_ws/install/action_tutorials_interfaces/share/action_tutorials_interfaces/local_setup.bash
-- Up-to-date: /home/naka-lab/action_ws/install/action_tutorials_interfaces/share/action_tutorials_interfaces/local_setup.sh
-- Up-to-date: /home/naka-lab/action_ws/install/action_tutorials_interfaces/share/action_tutorials_interfaces/local_setup.zsh
-- Installing: /home/naka-lab/action_ws/install/action_tutorials_interfaces/share/action_tutorials_interfaces/local_setup.dsv
-- Installing: /home/naka-lab/action_ws/install/action_tutorials_interfaces/share/action_tutorials_interfaces/package.dsv
-- Up-to-date: /home/naka-lab/action_ws/install/action_tutorials_interfaces/share/ament_index/resource_index/packages/action_tutorials_interfaces
-- Up-to-date: /home/naka-lab/action_ws/install/action_tutorials_interfaces/share/action_tutorials_interfaces/cmake/action_tutorials_interfaces__rosidl_generator_cExport.cmake
-- Installing: /home/naka-lab/action_ws/install/action_tutorials_interfaces/share/action_tutorials_interfaces/cmake/action_tutorials_interfaces__rosidl_generator_cExport-noconfig.cmake
-- Up-to-date: /home/naka-lab/action_ws/install/action_tutorials_interfaces/share/action_tutorials_interfaces/cmake/action_tutorials_interfaces__rosidl_typesupport_introspection_cExport.cmake
-- Installing: /home/naka-lab/action_ws/install/action_tutorials_interfaces/share/action_tutorials_interfaces/cmake/action_tutorials_interfaces__rosidl_typesupport_introspection_cExport-noconfig.cmake
-- Up-to-date: /home/naka-lab/action_ws/install/action_tutorials_interfaces/share/action_tutorials_interfaces/cmake/action_tutorials_interfaces__rosidl_typesupport_cExport.cmake
-- Installing: /home/naka-lab/action_ws/install/action_tutorials_interfaces/share/action_tutorials_interfaces/cmake/action_tutorials_interfaces__rosidl_typesupport_cExport-noconfig.cmake
-- Up-to-date: /home/naka-lab/action_ws/install/action_tutorials_interfaces/share/action_tutorials_interfaces/cmake/action_tutorials_interfaces__rosidl_generator_cppExport.cmake
-- Up-to-date: /home/naka-lab/action_ws/install/action_tutorials_interfaces/share/action_tutorials_interfaces/cmake/action_tutorials_interfaces__rosidl_typesupport_introspection_cppExport.cmake
-- Installing: /home/naka-lab/action_ws/install/action_tutorials_interfaces/share/action_tutorials_interfaces/cmake/action_tutorials_interfaces__rosidl_typesupport_introspection_cppExport-noconfig.cmake
-- Up-to-date: /home/naka-lab/action_ws/install/action_tutorials_interfaces/share/action_tutorials_interfaces/cmake/action_tutorials_interfaces__rosidl_typesupport_cppExport.cmake
-- Installing: /home/naka-lab/action_ws/install/action_tutorials_interfaces/share/action_tutorials_interfaces/cmake/action_tutorials_interfaces__rosidl_typesupport_cppExport-noconfig.cmake
-- Up-to-date: /home/naka-lab/action_ws/install/action_tutorials_interfaces/share/action_tutorials_interfaces/cmake/rosidl_cmake-extras.cmake
-- Up-to-date: /home/naka-lab/action_ws/install/action_tutorials_interfaces/share/action_tutorials_interfaces/cmake/ament_cmake_export_dependencies-extras.cmake
-- Up-to-date: /home/naka-lab/action_ws/install/action_tutorials_interfaces/share/action_tutorials_interfaces/cmake/ament_cmake_export_libraries-extras.cmake
-- Up-to-date: /home/naka-lab/action_ws/install/action_tutorials_interfaces/share/action_tutorials_interfaces/cmake/ament_cmake_export_targets-extras.cmake
-- Up-to-date: /home/naka-lab/action_ws/install/action_tutorials_interfaces/share/action_tutorials_interfaces/cmake/ament_cmake_export_include_directories-extras.cmake
-- Up-to-date: /home/naka-lab/action_ws/install/action_tutorials_interfaces/share/action_tutorials_interfaces/cmake/rosidl_cmake_export_typesupport_libraries-extras.cmake
-- Up-to-date: /home/naka-lab/action_ws/install/action_tutorials_interfaces/share/action_tutorials_interfaces/cmake/rosidl_cmake_export_typesupport_targets-extras.cmake
-- Up-to-date: /home/naka-lab/action_ws/install/action_tutorials_interfaces/share/action_tutorials_interfaces/cmake/action_tutorials_interfacesConfig.cmake
-- Up-to-date: /home/naka-lab/action_ws/install/action_tutorials_interfaces/share/action_tutorials_interfaces/cmake/action_tutorials_interfacesConfig-version.cmake
-- Installing: /home/naka-lab/action_ws/install/action_tutorials_interfaces/share/action_tutorials_interfaces/package.xml
