[0.040s] Invoking command in '/home/naka-lab/action_ws/build/action_tutorials_interfaces': CMAKE_PREFIX_PATH=${CMAKE_PREFIX_PATH}:/opt/ros/foxy /usr/bin/cmake --build /home/naka-lab/action_ws/build/action_tutorials_interfaces -- -j12 -l12
[0.151s] [  3%] Built target action_tutorials_interfaces__cpp
[0.157s] [ 12%] Built target action_tutorials_interfaces__rosidl_generator_c
[0.206s] [ 22%] Built target action_tutorials_interfaces__rosidl_typesupport_introspection_cpp
[0.219s] [ 32%] Built target action_tutorials_interfaces__rosidl_typesupport_cpp
[0.225s] [ 41%] Built target action_tutorials_interfaces__rosidl_typesupport_fastrtps_cpp
[0.233s] [ 61%] Built target action_tutorials_interfaces__rosidl_typesupport_c
[0.233s] [ 61%] Built target action_tutorials_interfaces__rosidl_typesupport_introspection_c
[0.286s] [ 70%] Built target action_tutorials_interfaces__rosidl_typesupport_fastrtps_c
[0.332s] [ 70%] Built target action_tutorials_interfaces
[0.377s] [ 74%] Built target action_tutorials_interfaces__py
[0.427s] [ 80%] Built target action_tutorials_interfaces__python
[0.478s] [ 87%] Built target action_tutorials_interfaces__rosidl_typesupport_c__pyext
[0.478s] [ 93%] Built target action_tutorials_interfaces__rosidl_typesupport_fastrtps_c__pyext
[0.484s] [100%] Built target action_tutorials_interfaces__rosidl_typesupport_introspection_c__pyext
[0.505s] Invoked command in '/home/naka-lab/action_ws/build/action_tutorials_interfaces' returned '0': CMAKE_PREFIX_PATH=${CMAKE_PREFIX_PATH}:/opt/ros/foxy /usr/bin/cmake --build /home/naka-lab/action_ws/build/action_tutorials_interfaces -- -j12 -l12
[0.590s] Invoking command in '/home/naka-lab/action_ws/build/action_tutorials_interfaces': CMAKE_PREFIX_PATH=${CMAKE_PREFIX_PATH}:/opt/ros/foxy /usr/bin/cmake --install /home/naka-lab/action_ws/build/action_tutorials_interfaces
[0.607s] -- Install configuration: ""
[0.607s] -- Up-to-date: /home/naka-lab/action_ws/install/action_tutorials_interfaces/share/ament_index/resource_index/rosidl_interfaces/action_tutorials_interfaces
[0.607s] -- Up-to-date: /home/naka-lab/action_ws/install/action_tutorials_interfaces/include/action_tutorials_interfaces
[0.607s] -- Up-to-date: /home/naka-lab/action_ws/install/action_tutorials_interfaces/include/action_tutorials_interfaces/msg
[0.607s] -- Up-to-date: /home/naka-lab/action_ws/install/action_tutorials_interfaces/include/action_tutorials_interfaces/msg/rosidl_generator_c__visibility_control.h
[0.608s] -- Up-to-date: /home/naka-lab/action_ws/install/action_tutorials_interfaces/include/action_tutorials_interfaces/action
[0.608s] -- Up-to-date: /home/naka-lab/action_ws/install/action_tutorials_interfaces/include/action_tutorials_interfaces/action/navigate_to_pose.h
[0.608s] -- Up-to-date: /home/naka-lab/action_ws/install/action_tutorials_interfaces/include/action_tutorials_interfaces/action/detail
[0.608s] -- Up-to-date: /home/naka-lab/action_ws/install/action_tutorials_interfaces/include/action_tutorials_interfaces/action/detail/navigate_to_pose__functions.h
[0.608s] -- Up-to-date: /home/naka-lab/action_ws/install/action_tutorials_interfaces/include/action_tutorials_interfaces/action/detail/navigate_to_pose__struct.h
[0.609s] -- Up-to-date: /home/naka-lab/action_ws/install/action_tutorials_interfaces/include/action_tutorials_interfaces/action/detail/navigate_to_pose__functions.c
[0.610s] -- Up-to-date: /home/naka-lab/action_ws/install/action_tutorials_interfaces/include/action_tutorials_interfaces/action/detail/navigate_to_pose__type_support.h
[0.611s] -- Up-to-date: /home/naka-lab/action_ws/install/action_tutorials_interfaces/share/action_tutorials_interfaces/environment/library_path.sh
[0.611s] -- Up-to-date: /home/naka-lab/action_ws/install/action_tutorials_interfaces/share/action_tutorials_interfaces/environment/library_path.dsv
[0.611s] -- Up-to-date: /home/naka-lab/action_ws/install/action_tutorials_interfaces/lib/libaction_tutorials_interfaces__rosidl_generator_c.so
[0.612s] -- Up-to-date: /home/naka-lab/action_ws/install/action_tutorials_interfaces/include/action_tutorials_interfaces
[0.614s] -- Up-to-date: /home/naka-lab/action_ws/install/action_tutorials_interfaces/include/action_tutorials_interfaces/msg
[0.615s] -- Up-to-date: /home/naka-lab/action_ws/install/action_tutorials_interfaces/include/action_tutorials_interfaces/msg/rosidl_typesupport_fastrtps_c__visibility_control.h
[0.616s] -- Up-to-date: /home/naka-lab/action_ws/install/action_tutorials_interfaces/include/action_tutorials_interfaces/action
[0.616s] -- Up-to-date: /home/naka-lab/action_ws/install/action_tutorials_interfaces/include/action_tutorials_interfaces/action/detail
[0.616s] -- Up-to-date: /home/naka-lab/action_ws/install/action_tutorials_interfaces/include/action_tutorials_interfaces/action/detail/navigate_to_pose__rosidl_typesupport_fastrtps_c.h
[0.616s] -- Up-to-date: /home/naka-lab/action_ws/install/action_tutorials_interfaces/lib/libaction_tutorials_interfaces__rosidl_typesupport_fastrtps_c.so
[0.616s] -- Up-to-date: /home/naka-lab/action_ws/install/action_tutorials_interfaces/include/action_tutorials_interfaces
[0.616s] -- Up-to-date: /home/naka-lab/action_ws/install/action_tutorials_interfaces/include/action_tutorials_interfaces/msg
[0.616s] -- Up-to-date: /home/naka-lab/action_ws/install/action_tutorials_interfaces/include/action_tutorials_interfaces/msg/rosidl_typesupport_fastrtps_cpp__visibility_control.h
[0.616s] -- Up-to-date: /home/naka-lab/action_ws/install/action_tutorials_interfaces/include/action_tutorials_interfaces/action
[0.616s] -- Up-to-date: /home/naka-lab/action_ws/install/action_tutorials_interfaces/include/action_tutorials_interfaces/action/detail
[0.617s] -- Up-to-date: /home/naka-lab/action_ws/install/action_tutorials_interfaces/include/action_tutorials_interfaces/action/detail/navigate_to_pose__rosidl_typesupport_fastrtps_cpp.hpp
[0.617s] -- Up-to-date: /home/naka-lab/action_ws/install/action_tutorials_interfaces/include/action_tutorials_interfaces/action/detail/dds_fastrtps
[0.617s] -- Up-to-date: /home/naka-lab/action_ws/install/action_tutorials_interfaces/lib/libaction_tutorials_interfaces__rosidl_typesupport_fastrtps_cpp.so
[0.617s] -- Up-to-date: /home/naka-lab/action_ws/install/action_tutorials_interfaces/include/action_tutorials_interfaces
[0.617s] -- Up-to-date: /home/naka-lab/action_ws/install/action_tutorials_interfaces/include/action_tutorials_interfaces/msg
[0.617s] -- Up-to-date: /home/naka-lab/action_ws/install/action_tutorials_interfaces/include/action_tutorials_interfaces/msg/rosidl_typesupport_introspection_c__visibility_control.h
[0.618s] -- Up-to-date: /home/naka-lab/action_ws/install/action_tutorials_interfaces/include/action_tutorials_interfaces/action
[0.618s] -- Up-to-date: /home/naka-lab/action_ws/install/action_tutorials_interfaces/include/action_tutorials_interfaces/action/detail
[0.618s] -- Up-to-date: /home/naka-lab/action_ws/install/action_tutorials_interfaces/include/action_tutorials_interfaces/action/detail/navigate_to_pose__type_support.c
[0.618s] -- Up-to-date: /home/naka-lab/action_ws/install/action_tutorials_interfaces/include/action_tutorials_interfaces/action/detail/navigate_to_pose__rosidl_typesupport_introspection_c.h
[0.618s] -- Up-to-date: /home/naka-lab/action_ws/install/action_tutorials_interfaces/lib/libaction_tutorials_interfaces__rosidl_typesupport_introspection_c.so
[0.618s] -- Up-to-date: /home/naka-lab/action_ws/install/action_tutorials_interfaces/lib/libaction_tutorials_interfaces__rosidl_typesupport_c.so
[0.618s] -- Up-to-date: /home/naka-lab/action_ws/install/action_tutorials_interfaces/include/action_tutorials_interfaces
[0.618s] -- Up-to-date: /home/naka-lab/action_ws/install/action_tutorials_interfaces/include/action_tutorials_interfaces/action
[0.618s] -- Up-to-date: /home/naka-lab/action_ws/install/action_tutorials_interfaces/include/action_tutorials_interfaces/action/navigate_to_pose.hpp
[0.619s] -- Up-to-date: /home/naka-lab/action_ws/install/action_tutorials_interfaces/include/action_tutorials_interfaces/action/detail
[0.619s] -- Up-to-date: /home/naka-lab/action_ws/install/action_tutorials_interfaces/include/action_tutorials_interfaces/action/detail/navigate_to_pose__builder.hpp
[0.619s] -- Up-to-date: /home/naka-lab/action_ws/install/action_tutorials_interfaces/include/action_tutorials_interfaces/action/detail/navigate_to_pose__traits.hpp
[0.619s] -- Up-to-date: /home/naka-lab/action_ws/install/action_tutorials_interfaces/include/action_tutorials_interfaces/action/detail/navigate_to_pose__struct.hpp
[0.619s] -- Up-to-date: /home/naka-lab/action_ws/install/action_tutorials_interfaces/include/action_tutorials_interfaces
[0.619s] -- Up-to-date: /home/naka-lab/action_ws/install/action_tutorials_interfaces/include/action_tutorials_interfaces/action
[0.619s] -- Up-to-date: /home/naka-lab/action_ws/install/action_tutorials_interfaces/include/action_tutorials_interfaces/action/detail
[0.619s] -- Up-to-date: /home/naka-lab/action_ws/install/action_tutorials_interfaces/include/action_tutorials_interfaces/action/detail/navigate_to_pose__rosidl_typesupport_introspection_cpp.hpp
[0.619s] -- Up-to-date: /home/naka-lab/action_ws/install/action_tutorials_interfaces/include/action_tutorials_interfaces/action/detail/navigate_to_pose__type_support.cpp
[0.619s] -- Up-to-date: /home/naka-lab/action_ws/install/action_tutorials_interfaces/lib/libaction_tutorials_interfaces__rosidl_typesupport_introspection_cpp.so
[0.620s] -- Up-to-date: /home/naka-lab/action_ws/install/action_tutorials_interfaces/lib/libaction_tutorials_interfaces__rosidl_typesupport_cpp.so
[0.620s] -- Up-to-date: /home/naka-lab/action_ws/install/action_tutorials_interfaces/share/action_tutorials_interfaces/environment/pythonpath.sh
[0.620s] -- Up-to-date: /home/naka-lab/action_ws/install/action_tutorials_interfaces/share/action_tutorials_interfaces/environment/pythonpath.dsv
[0.620s] -- Up-to-date: /home/naka-lab/action_ws/install/action_tutorials_interfaces/lib/python3.8/site-packages/action_tutorials_interfaces/__init__.py
[0.679s] -- Up-to-date: /home/naka-lab/action_ws/install/action_tutorials_interfaces/lib/python3.8/site-packages/action_tutorials_interfaces/action
[0.679s] -- Up-to-date: /home/naka-lab/action_ws/install/action_tutorials_interfaces/lib/python3.8/site-packages/action_tutorials_interfaces/action/_navigate_to_pose_s.c
[0.679s] -- Up-to-date: /home/naka-lab/action_ws/install/action_tutorials_interfaces/lib/python3.8/site-packages/action_tutorials_interfaces/action/__init__.py
[0.679s] -- Up-to-date: /home/naka-lab/action_ws/install/action_tutorials_interfaces/lib/python3.8/site-packages/action_tutorials_interfaces/action/_navigate_to_pose.py
[0.680s] -- Up-to-date: /home/naka-lab/action_ws/install/action_tutorials_interfaces/lib/python3.8/site-packages/action_tutorials_interfaces/action_tutorials_interfaces_s__rosidl_typesupport_fastrtps_c.cpython-38-x86_64-linux-gnu.so
[0.680s] -- Up-to-date: /home/naka-lab/action_ws/install/action_tutorials_interfaces/lib/python3.8/site-packages/action_tutorials_interfaces/action_tutorials_interfaces_s__rosidl_typesupport_introspection_c.cpython-38-x86_64-linux-gnu.so
[0.681s] -- Up-to-date: /home/naka-lab/action_ws/install/action_tutorials_interfaces/lib/python3.8/site-packages/action_tutorials_interfaces/action_tutorials_interfaces_s__rosidl_typesupport_c.cpython-38-x86_64-linux-gnu.so
[0.682s] -- Up-to-date: /home/naka-lab/action_ws/install/action_tutorials_interfaces/lib/libaction_tutorials_interfaces__python.so
[0.682s] -- Up-to-date: /home/naka-lab/action_ws/install/action_tutorials_interfaces/share/action_tutorials_interfaces/action/NavigateToPose.idl
[0.682s] -- Up-to-date: /home/naka-lab/action_ws/install/action_tutorials_interfaces/share/action_tutorials_interfaces/action/NavigateToPose.action
[0.682s] -- Up-to-date: /home/naka-lab/action_ws/install/action_tutorials_interfaces/share/ament_index/resource_index/package_run_dependencies/action_tutorials_interfaces
[0.683s] -- Up-to-date: /home/naka-lab/action_ws/install/action_tutorials_interfaces/share/ament_index/resource_index/parent_prefix_path/action_tutorials_interfaces
[0.683s] -- Up-to-date: /home/naka-lab/action_ws/install/action_tutorials_interfaces/share/action_tutorials_interfaces/environment/ament_prefix_path.sh
[0.683s] -- Up-to-date: /home/naka-lab/action_ws/install/action_tutorials_interfaces/share/action_tutorials_interfaces/environment/ament_prefix_path.dsv
[0.683s] -- Up-to-date: /home/naka-lab/action_ws/install/action_tutorials_interfaces/share/action_tutorials_interfaces/environment/path.sh
[0.683s] -- Up-to-date: /home/naka-lab/action_ws/install/action_tutorials_interfaces/share/action_tutorials_interfaces/environment/path.dsv
[0.683s] -- Up-to-date: /home/naka-lab/action_ws/install/action_tutorials_interfaces/share/action_tutorials_interfaces/local_setup.bash
[0.683s] -- Up-to-date: /home/naka-lab/action_ws/install/action_tutorials_interfaces/share/action_tutorials_interfaces/local_setup.sh
[0.683s] -- Up-to-date: /home/naka-lab/action_ws/install/action_tutorials_interfaces/share/action_tutorials_interfaces/local_setup.zsh
[0.683s] -- Up-to-date: /home/naka-lab/action_ws/install/action_tutorials_interfaces/share/action_tutorials_interfaces/local_setup.dsv
[0.683s] -- Installing: /home/naka-lab/action_ws/install/action_tutorials_interfaces/share/action_tutorials_interfaces/package.dsv
[0.683s] -- Up-to-date: /home/naka-lab/action_ws/install/action_tutorials_interfaces/share/ament_index/resource_index/packages/action_tutorials_interfaces
[0.683s] -- Up-to-date: /home/naka-lab/action_ws/install/action_tutorials_interfaces/share/action_tutorials_interfaces/cmake/action_tutorials_interfaces__rosidl_generator_cExport.cmake
[0.684s] -- Up-to-date: /home/naka-lab/action_ws/install/action_tutorials_interfaces/share/action_tutorials_interfaces/cmake/action_tutorials_interfaces__rosidl_generator_cExport-noconfig.cmake
[0.684s] -- Up-to-date: /home/naka-lab/action_ws/install/action_tutorials_interfaces/share/action_tutorials_interfaces/cmake/action_tutorials_interfaces__rosidl_typesupport_introspection_cExport.cmake
[0.684s] -- Up-to-date: /home/naka-lab/action_ws/install/action_tutorials_interfaces/share/action_tutorials_interfaces/cmake/action_tutorials_interfaces__rosidl_typesupport_introspection_cExport-noconfig.cmake
[0.684s] -- Up-to-date: /home/naka-lab/action_ws/install/action_tutorials_interfaces/share/action_tutorials_interfaces/cmake/action_tutorials_interfaces__rosidl_typesupport_cExport.cmake
[0.684s] -- Up-to-date: /home/naka-lab/action_ws/install/action_tutorials_interfaces/share/action_tutorials_interfaces/cmake/action_tutorials_interfaces__rosidl_typesupport_cExport-noconfig.cmake
[0.684s] -- Up-to-date: /home/naka-lab/action_ws/install/action_tutorials_interfaces/share/action_tutorials_interfaces/cmake/action_tutorials_interfaces__rosidl_generator_cppExport.cmake
[0.685s] -- Up-to-date: /home/naka-lab/action_ws/install/action_tutorials_interfaces/share/action_tutorials_interfaces/cmake/action_tutorials_interfaces__rosidl_typesupport_introspection_cppExport.cmake
[0.685s] -- Up-to-date: /home/naka-lab/action_ws/install/action_tutorials_interfaces/share/action_tutorials_interfaces/cmake/action_tutorials_interfaces__rosidl_typesupport_introspection_cppExport-noconfig.cmake
[0.685s] -- Up-to-date: /home/naka-lab/action_ws/install/action_tutorials_interfaces/share/action_tutorials_interfaces/cmake/action_tutorials_interfaces__rosidl_typesupport_cppExport.cmake
[0.685s] -- Up-to-date: /home/naka-lab/action_ws/install/action_tutorials_interfaces/share/action_tutorials_interfaces/cmake/action_tutorials_interfaces__rosidl_typesupport_cppExport-noconfig.cmake
[0.685s] -- Up-to-date: /home/naka-lab/action_ws/install/action_tutorials_interfaces/share/action_tutorials_interfaces/cmake/rosidl_cmake-extras.cmake
[0.685s] -- Up-to-date: /home/naka-lab/action_ws/install/action_tutorials_interfaces/share/action_tutorials_interfaces/cmake/ament_cmake_export_dependencies-extras.cmake
[0.685s] -- Up-to-date: /home/naka-lab/action_ws/install/action_tutorials_interfaces/share/action_tutorials_interfaces/cmake/ament_cmake_export_libraries-extras.cmake
[0.685s] -- Up-to-date: /home/naka-lab/action_ws/install/action_tutorials_interfaces/share/action_tutorials_interfaces/cmake/ament_cmake_export_targets-extras.cmake
[0.686s] -- Up-to-date: /home/naka-lab/action_ws/install/action_tutorials_interfaces/share/action_tutorials_interfaces/cmake/ament_cmake_export_include_directories-extras.cmake
[0.686s] -- Up-to-date: /home/naka-lab/action_ws/install/action_tutorials_interfaces/share/action_tutorials_interfaces/cmake/rosidl_cmake_export_typesupport_libraries-extras.cmake
[0.686s] -- Up-to-date: /home/naka-lab/action_ws/install/action_tutorials_interfaces/share/action_tutorials_interfaces/cmake/rosidl_cmake_export_typesupport_targets-extras.cmake
[0.686s] -- Up-to-date: /home/naka-lab/action_ws/install/action_tutorials_interfaces/share/action_tutorials_interfaces/cmake/action_tutorials_interfacesConfig.cmake
[0.686s] -- Up-to-date: /home/naka-lab/action_ws/install/action_tutorials_interfaces/share/action_tutorials_interfaces/cmake/action_tutorials_interfacesConfig-version.cmake
[0.686s] -- Up-to-date: /home/naka-lab/action_ws/install/action_tutorials_interfaces/share/action_tutorials_interfaces/package.xml
[0.696s] Invoked command in '/home/naka-lab/action_ws/build/action_tutorials_interfaces' returned '0': CMAKE_PREFIX_PATH=${CMAKE_PREFIX_PATH}:/opt/ros/foxy /usr/bin/cmake --install /home/naka-lab/action_ws/build/action_tutorials_interfaces
