[0.011s] Invoking command in '/home/naka-lab/action_ws/build/action_tutorials_interfaces': CMAKE_PREFIX_PATH=${CMAKE_PREFIX_PATH}:/opt/ros/foxy /usr/bin/cmake --build /home/naka-lab/action_ws/build/action_tutorials_interfaces -- -j12 -l12
[0.032s] -- Found ament_cmake: 0.9.9 (/opt/ros/foxy/share/ament_cmake/cmake)
[0.048s] -- Found PythonInterp: /usr/bin/python3 (found suitable version "3.8.10", minimum required is "3") 
[0.048s] -- Using PYTHON_EXECUTABLE: /usr/bin/python3
[0.182s] -- Found rosidl_default_generators: 1.0.1 (/opt/ros/foxy/share/rosidl_default_generators/cmake)
[0.183s] -- Using all available rosidl_typesupport_c: rosidl_typesupport_fastrtps_c;rosidl_typesupport_introspection_c
[0.186s] -- Found rosidl_adapter: 1.2.1 (/opt/ros/foxy/share/rosidl_adapter/cmake)
[0.294s] -- Using all available rosidl_typesupport_cpp: rosidl_typesupport_fastrtps_cpp;rosidl_typesupport_introspection_cpp
[0.315s] -- Found geometry_msgs: 2.0.4 (/opt/ros/foxy/share/geometry_msgs/cmake)
[0.393s] -- Found PythonInterp: /usr/bin/python3 (found version "3.8.10") 
[0.577s] -- Found ament_cmake_ros: 0.9.2 (/opt/ros/foxy/share/ament_cmake_ros/cmake)
[0.790s] -- Using all available rosidl_typesupport_c: rosidl_typesupport_fastrtps_c;rosidl_typesupport_introspection_c
[0.892s] -- Using all available rosidl_typesupport_cpp: rosidl_typesupport_fastrtps_cpp;rosidl_typesupport_introspection_cpp
[0.913s] -- Found PythonInterp: /usr/bin/python3 (found suitable version "3.8.10", minimum required is "3.5") 
[0.913s] -- Found python_cmake_module: 0.8.1 (/opt/ros/foxy/share/python_cmake_module/cmake)
[0.930s] -- Using PYTHON_EXECUTABLE: /usr/bin/python3
[0.930s] -- Using PYTHON_INCLUDE_DIRS: /usr/include/python3.8
[0.930s] -- Using PYTHON_LIBRARIES: /usr/lib/x86_64-linux-gnu/libpython3.8.so
[0.980s] -- Found ament_lint_auto: 0.9.6 (/opt/ros/foxy/share/ament_lint_auto/cmake)
[0.989s] -- Added test 'copyright' to check source files copyright and LICENSE
[0.992s] -- Added test 'cppcheck' to perform static code analysis on C / C++ code
[0.993s] -- Configured cppcheck include dirs: 
[0.993s] -- Configured cppcheck exclude dirs and/or files: 
[0.996s] -- Added test 'cpplint' to check C / C++ code against the Google style
[0.997s] -- Configured cpplint exclude dirs and/or files: 
[0.997s] -- Added test 'flake8' to check Python code syntax and style conventions
[0.998s] -- Added test 'lint_cmake' to check CMake code style
[0.999s] -- Added test 'pep257' to check Python code against some of the style conventions in PEP 257
[1.002s] -- Added test 'uncrustify' to check C / C++ code style
[1.002s] -- Configured uncrustify additional arguments: 
[1.003s] -- Added test 'xmllint' to check XML markup files
[1.006s] -- Configuring done
[1.062s] -- Generating done
[1.065s] -- Build files have been written to: /home/naka-lab/action_ws/build/action_tutorials_interfaces
[1.092s] [  3%] Built target action_tutorials_interfaces__cpp
[1.094s] [  6%] [32m[1mLinking C shared library libaction_tutorials_interfaces__rosidl_generator_c.so[0m
[1.113s] [ 12%] [32m[1mLinking CXX shared library libaction_tutorials_interfaces__rosidl_typesupport_introspection_cpp.so[0m
[1.113s] [ 12%] [32m[1mLinking CXX shared library libaction_tutorials_interfaces__rosidl_typesupport_cpp.so[0m
[1.117s] [ 16%] [32m[1mLinking CXX shared library libaction_tutorials_interfaces__rosidl_typesupport_fastrtps_cpp.so[0m
[1.128s] [ 22%] Built target action_tutorials_interfaces__rosidl_generator_c
[1.150s] [ 29%] [32m[1mLinking C shared library libaction_tutorials_interfaces__rosidl_typesupport_introspection_c.so[0m
[1.150s] [ 29%] [32m[1mLinking CXX shared library libaction_tutorials_interfaces__rosidl_typesupport_c.so[0m
[1.151s] [ 35%] Built target action_tutorials_interfaces__rosidl_typesupport_cpp
[1.181s] [ 41%] Built target action_tutorials_interfaces__rosidl_typesupport_introspection_c
[1.181s] [ 48%] Built target action_tutorials_interfaces__rosidl_typesupport_introspection_cpp
[1.188s] [ 54%] Built target action_tutorials_interfaces__rosidl_typesupport_c
[1.198s] [ 61%] Built target action_tutorials_interfaces__rosidl_typesupport_fastrtps_cpp
[1.207s] [35m[1mScanning dependencies of target action_tutorials_interfaces__rosidl_typesupport_fastrtps_c[0m
[1.218s] [ 64%] [32mBuilding CXX object CMakeFiles/action_tutorials_interfaces__rosidl_typesupport_fastrtps_c.dir/rosidl_typesupport_fastrtps_c/action_tutorials_interfaces/action/detail/navigate_to_pose__type_support_c.cpp.o[0m
[1.530s] [ 67%] [32m[1mLinking CXX shared library libaction_tutorials_interfaces__rosidl_typesupport_fastrtps_c.so[0m
[1.598s] [ 70%] Built target action_tutorials_interfaces__rosidl_typesupport_fastrtps_c
[1.614s] [ 70%] Built target action_tutorials_interfaces
[1.630s] [ 74%] Built target action_tutorials_interfaces__py
[1.650s] [ 77%] [32m[1mLinking C shared library rosidl_generator_py/action_tutorials_interfaces/libaction_tutorials_interfaces__python.so[0m
[1.690s] [ 80%] Built target action_tutorials_interfaces__python
[1.699s] [35m[1mScanning dependencies of target action_tutorials_interfaces__rosidl_typesupport_fastrtps_c__pyext[0m
[1.709s] [ 83%] [32mBuilding C object CMakeFiles/action_tutorials_interfaces__rosidl_typesupport_fastrtps_c__pyext.dir/rosidl_generator_py/action_tutorials_interfaces/_action_tutorials_interfaces_s.ep.rosidl_typesupport_fastrtps_c.c.o[0m
[1.712s] [ 90%] [32m[1mLinking C shared library rosidl_generator_py/action_tutorials_interfaces/action_tutorials_interfaces_s__rosidl_typesupport_c.cpython-38-x86_64-linux-gnu.so[0m
[1.712s] [ 90%] [32m[1mLinking C shared library rosidl_generator_py/action_tutorials_interfaces/action_tutorials_interfaces_s__rosidl_typesupport_introspection_c.cpython-38-x86_64-linux-gnu.so[0m
[1.748s] [ 96%] Built target action_tutorials_interfaces__rosidl_typesupport_c__pyext
[1.748s] [ 96%] Built target action_tutorials_interfaces__rosidl_typesupport_introspection_c__pyext
[1.794s] [100%] [32m[1mLinking CXX shared library rosidl_generator_py/action_tutorials_interfaces/action_tutorials_interfaces_s__rosidl_typesupport_fastrtps_c.cpython-38-x86_64-linux-gnu.so[0m
[1.854s] [100%] Built target action_tutorials_interfaces__rosidl_typesupport_fastrtps_c__pyext
[1.862s] Invoked command in '/home/naka-lab/action_ws/build/action_tutorials_interfaces' returned '0': CMAKE_PREFIX_PATH=${CMAKE_PREFIX_PATH}:/opt/ros/foxy /usr/bin/cmake --build /home/naka-lab/action_ws/build/action_tutorials_interfaces -- -j12 -l12
[1.905s] Invoking command in '/home/naka-lab/action_ws/build/action_tutorials_interfaces': CMAKE_PREFIX_PATH=${CMAKE_PREFIX_PATH}:/opt/ros/foxy /usr/bin/cmake --install /home/naka-lab/action_ws/build/action_tutorials_interfaces
[1.912s] -- Install configuration: ""
[1.912s] -- Up-to-date: /home/naka-lab/action_ws/install/action_tutorials_interfaces/share/ament_index/resource_index/rosidl_interfaces/action_tutorials_interfaces
[1.912s] -- Up-to-date: /home/naka-lab/action_ws/install/action_tutorials_interfaces/include/action_tutorials_interfaces
[1.912s] -- Up-to-date: /home/naka-lab/action_ws/install/action_tutorials_interfaces/include/action_tutorials_interfaces/msg
[1.912s] -- Up-to-date: /home/naka-lab/action_ws/install/action_tutorials_interfaces/include/action_tutorials_interfaces/msg/rosidl_generator_c__visibility_control.h
[1.912s] -- Up-to-date: /home/naka-lab/action_ws/install/action_tutorials_interfaces/include/action_tutorials_interfaces/action
[1.912s] -- Up-to-date: /home/naka-lab/action_ws/install/action_tutorials_interfaces/include/action_tutorials_interfaces/action/navigate_to_pose.h
[1.912s] -- Up-to-date: /home/naka-lab/action_ws/install/action_tutorials_interfaces/include/action_tutorials_interfaces/action/detail
[1.912s] -- Up-to-date: /home/naka-lab/action_ws/install/action_tutorials_interfaces/include/action_tutorials_interfaces/action/detail/navigate_to_pose__functions.h
[1.912s] -- Up-to-date: /home/naka-lab/action_ws/install/action_tutorials_interfaces/include/action_tutorials_interfaces/action/detail/navigate_to_pose__struct.h
[1.913s] -- Up-to-date: /home/naka-lab/action_ws/install/action_tutorials_interfaces/include/action_tutorials_interfaces/action/detail/navigate_to_pose__functions.c
[1.913s] -- Up-to-date: /home/naka-lab/action_ws/install/action_tutorials_interfaces/include/action_tutorials_interfaces/action/detail/navigate_to_pose__type_support.h
[1.913s] -- Up-to-date: /home/naka-lab/action_ws/install/action_tutorials_interfaces/share/action_tutorials_interfaces/environment/library_path.sh
[1.913s] -- Installing: /home/naka-lab/action_ws/install/action_tutorials_interfaces/share/action_tutorials_interfaces/environment/library_path.dsv
[1.913s] -- Installing: /home/naka-lab/action_ws/install/action_tutorials_interfaces/lib/libaction_tutorials_interfaces__rosidl_generator_c.so
[1.913s] -- Set runtime path of "/home/naka-lab/action_ws/install/action_tutorials_interfaces/lib/libaction_tutorials_interfaces__rosidl_generator_c.so" to ""
[1.913s] -- Up-to-date: /home/naka-lab/action_ws/install/action_tutorials_interfaces/include/action_tutorials_interfaces
[1.913s] -- Up-to-date: /home/naka-lab/action_ws/install/action_tutorials_interfaces/include/action_tutorials_interfaces/msg
[1.913s] -- Up-to-date: /home/naka-lab/action_ws/install/action_tutorials_interfaces/include/action_tutorials_interfaces/msg/rosidl_typesupport_fastrtps_c__visibility_control.h
[1.913s] -- Up-to-date: /home/naka-lab/action_ws/install/action_tutorials_interfaces/include/action_tutorials_interfaces/action
[1.913s] -- Up-to-date: /home/naka-lab/action_ws/install/action_tutorials_interfaces/include/action_tutorials_interfaces/action/detail
[1.913s] -- Up-to-date: /home/naka-lab/action_ws/install/action_tutorials_interfaces/include/action_tutorials_interfaces/action/detail/navigate_to_pose__rosidl_typesupport_fastrtps_c.h
[1.913s] -- Installing: /home/naka-lab/action_ws/install/action_tutorials_interfaces/lib/libaction_tutorials_interfaces__rosidl_typesupport_fastrtps_c.so
[1.913s] -- Set runtime path of "/home/naka-lab/action_ws/install/action_tutorials_interfaces/lib/libaction_tutorials_interfaces__rosidl_typesupport_fastrtps_c.so" to ""
[1.913s] -- Up-to-date: /home/naka-lab/action_ws/install/action_tutorials_interfaces/include/action_tutorials_interfaces
[1.913s] -- Up-to-date: /home/naka-lab/action_ws/install/action_tutorials_interfaces/include/action_tutorials_interfaces/msg
[1.913s] -- Up-to-date: /home/naka-lab/action_ws/install/action_tutorials_interfaces/include/action_tutorials_interfaces/msg/rosidl_typesupport_fastrtps_cpp__visibility_control.h
[1.914s] -- Up-to-date: /home/naka-lab/action_ws/install/action_tutorials_interfaces/include/action_tutorials_interfaces/action
[1.914s] -- Up-to-date: /home/naka-lab/action_ws/install/action_tutorials_interfaces/include/action_tutorials_interfaces/action/detail
[1.914s] -- Up-to-date: /home/naka-lab/action_ws/install/action_tutorials_interfaces/include/action_tutorials_interfaces/action/detail/navigate_to_pose__rosidl_typesupport_fastrtps_cpp.hpp
[1.914s] -- Up-to-date: /home/naka-lab/action_ws/install/action_tutorials_interfaces/include/action_tutorials_interfaces/action/detail/dds_fastrtps
[1.914s] -- Installing: /home/naka-lab/action_ws/install/action_tutorials_interfaces/lib/libaction_tutorials_interfaces__rosidl_typesupport_fastrtps_cpp.so
[1.914s] -- Set runtime path of "/home/naka-lab/action_ws/install/action_tutorials_interfaces/lib/libaction_tutorials_interfaces__rosidl_typesupport_fastrtps_cpp.so" to ""
[1.914s] -- Up-to-date: /home/naka-lab/action_ws/install/action_tutorials_interfaces/include/action_tutorials_interfaces
[1.914s] -- Up-to-date: /home/naka-lab/action_ws/install/action_tutorials_interfaces/include/action_tutorials_interfaces/msg
[1.914s] -- Up-to-date: /home/naka-lab/action_ws/install/action_tutorials_interfaces/include/action_tutorials_interfaces/msg/rosidl_typesupport_introspection_c__visibility_control.h
[1.914s] -- Up-to-date: /home/naka-lab/action_ws/install/action_tutorials_interfaces/include/action_tutorials_interfaces/action
[1.914s] -- Up-to-date: /home/naka-lab/action_ws/install/action_tutorials_interfaces/include/action_tutorials_interfaces/action/detail
[1.914s] -- Up-to-date: /home/naka-lab/action_ws/install/action_tutorials_interfaces/include/action_tutorials_interfaces/action/detail/navigate_to_pose__type_support.c
[1.915s] -- Up-to-date: /home/naka-lab/action_ws/install/action_tutorials_interfaces/include/action_tutorials_interfaces/action/detail/navigate_to_pose__rosidl_typesupport_introspection_c.h
[1.915s] -- Installing: /home/naka-lab/action_ws/install/action_tutorials_interfaces/lib/libaction_tutorials_interfaces__rosidl_typesupport_introspection_c.so
[1.915s] -- Set runtime path of "/home/naka-lab/action_ws/install/action_tutorials_interfaces/lib/libaction_tutorials_interfaces__rosidl_typesupport_introspection_c.so" to ""
[1.915s] -- Installing: /home/naka-lab/action_ws/install/action_tutorials_interfaces/lib/libaction_tutorials_interfaces__rosidl_typesupport_c.so
[1.915s] -- Set runtime path of "/home/naka-lab/action_ws/install/action_tutorials_interfaces/lib/libaction_tutorials_interfaces__rosidl_typesupport_c.so" to ""
[1.916s] -- Up-to-date: /home/naka-lab/action_ws/install/action_tutorials_interfaces/include/action_tutorials_interfaces
[1.916s] -- Up-to-date: /home/naka-lab/action_ws/install/action_tutorials_interfaces/include/action_tutorials_interfaces/action
[1.916s] -- Up-to-date: /home/naka-lab/action_ws/install/action_tutorials_interfaces/include/action_tutorials_interfaces/action/navigate_to_pose.hpp
[1.916s] -- Up-to-date: /home/naka-lab/action_ws/install/action_tutorials_interfaces/include/action_tutorials_interfaces/action/detail
[1.916s] -- Up-to-date: /home/naka-lab/action_ws/install/action_tutorials_interfaces/include/action_tutorials_interfaces/action/detail/navigate_to_pose__builder.hpp
[1.916s] -- Up-to-date: /home/naka-lab/action_ws/install/action_tutorials_interfaces/include/action_tutorials_interfaces/action/detail/navigate_to_pose__traits.hpp
[1.916s] -- Up-to-date: /home/naka-lab/action_ws/install/action_tutorials_interfaces/include/action_tutorials_interfaces/action/detail/navigate_to_pose__struct.hpp
[1.916s] -- Up-to-date: /home/naka-lab/action_ws/install/action_tutorials_interfaces/include/action_tutorials_interfaces
[1.916s] -- Up-to-date: /home/naka-lab/action_ws/install/action_tutorials_interfaces/include/action_tutorials_interfaces/action
[1.916s] -- Up-to-date: /home/naka-lab/action_ws/install/action_tutorials_interfaces/include/action_tutorials_interfaces/action/detail
[1.916s] -- Up-to-date: /home/naka-lab/action_ws/install/action_tutorials_interfaces/include/action_tutorials_interfaces/action/detail/navigate_to_pose__rosidl_typesupport_introspection_cpp.hpp
[1.916s] -- Up-to-date: /home/naka-lab/action_ws/install/action_tutorials_interfaces/include/action_tutorials_interfaces/action/detail/navigate_to_pose__type_support.cpp
[1.916s] -- Installing: /home/naka-lab/action_ws/install/action_tutorials_interfaces/lib/libaction_tutorials_interfaces__rosidl_typesupport_introspection_cpp.so
[1.916s] -- Set runtime path of "/home/naka-lab/action_ws/install/action_tutorials_interfaces/lib/libaction_tutorials_interfaces__rosidl_typesupport_introspection_cpp.so" to ""
[1.917s] -- Installing: /home/naka-lab/action_ws/install/action_tutorials_interfaces/lib/libaction_tutorials_interfaces__rosidl_typesupport_cpp.so
[1.917s] -- Set runtime path of "/home/naka-lab/action_ws/install/action_tutorials_interfaces/lib/libaction_tutorials_interfaces__rosidl_typesupport_cpp.so" to ""
[1.917s] -- Up-to-date: /home/naka-lab/action_ws/install/action_tutorials_interfaces/share/action_tutorials_interfaces/environment/pythonpath.sh
[1.917s] -- Installing: /home/naka-lab/action_ws/install/action_tutorials_interfaces/share/action_tutorials_interfaces/environment/pythonpath.dsv
[1.917s] -- Installing: /home/naka-lab/action_ws/install/action_tutorials_interfaces/lib/python3.8/site-packages/action_tutorials_interfaces/__init__.py
[1.941s] Compiling '/home/naka-lab/action_ws/install/action_tutorials_interfaces/lib/python3.8/site-packages/action_tutorials_interfaces/__init__.py'...
[1.944s] -- Up-to-date: /home/naka-lab/action_ws/install/action_tutorials_interfaces/lib/python3.8/site-packages/action_tutorials_interfaces/action
[1.944s] -- Up-to-date: /home/naka-lab/action_ws/install/action_tutorials_interfaces/lib/python3.8/site-packages/action_tutorials_interfaces/action/_navigate_to_pose_s.c
[1.944s] -- Up-to-date: /home/naka-lab/action_ws/install/action_tutorials_interfaces/lib/python3.8/site-packages/action_tutorials_interfaces/action/__init__.py
[1.944s] -- Up-to-date: /home/naka-lab/action_ws/install/action_tutorials_interfaces/lib/python3.8/site-packages/action_tutorials_interfaces/action/_navigate_to_pose.py
[1.945s] -- Installing: /home/naka-lab/action_ws/install/action_tutorials_interfaces/lib/python3.8/site-packages/action_tutorials_interfaces/action_tutorials_interfaces_s__rosidl_typesupport_fastrtps_c.cpython-38-x86_64-linux-gnu.so
[1.945s] -- Set runtime path of "/home/naka-lab/action_ws/install/action_tutorials_interfaces/lib/python3.8/site-packages/action_tutorials_interfaces/action_tutorials_interfaces_s__rosidl_typesupport_fastrtps_c.cpython-38-x86_64-linux-gnu.so" to ""
[1.946s] -- Installing: /home/naka-lab/action_ws/install/action_tutorials_interfaces/lib/python3.8/site-packages/action_tutorials_interfaces/action_tutorials_interfaces_s__rosidl_typesupport_introspection_c.cpython-38-x86_64-linux-gnu.so
[1.946s] -- Set runtime path of "/home/naka-lab/action_ws/install/action_tutorials_interfaces/lib/python3.8/site-packages/action_tutorials_interfaces/action_tutorials_interfaces_s__rosidl_typesupport_introspection_c.cpython-38-x86_64-linux-gnu.so" to ""
[1.946s] -- Installing: /home/naka-lab/action_ws/install/action_tutorials_interfaces/lib/python3.8/site-packages/action_tutorials_interfaces/action_tutorials_interfaces_s__rosidl_typesupport_c.cpython-38-x86_64-linux-gnu.so
[1.947s] -- Set runtime path of "/home/naka-lab/action_ws/install/action_tutorials_interfaces/lib/python3.8/site-packages/action_tutorials_interfaces/action_tutorials_interfaces_s__rosidl_typesupport_c.cpython-38-x86_64-linux-gnu.so" to ""
[1.947s] -- Installing: /home/naka-lab/action_ws/install/action_tutorials_interfaces/lib/libaction_tutorials_interfaces__python.so
[1.947s] -- Set runtime path of "/home/naka-lab/action_ws/install/action_tutorials_interfaces/lib/libaction_tutorials_interfaces__python.so" to ""
[1.948s] -- Up-to-date: /home/naka-lab/action_ws/install/action_tutorials_interfaces/share/action_tutorials_interfaces/action/NavigateToPose.idl
[1.948s] -- Up-to-date: /home/naka-lab/action_ws/install/action_tutorials_interfaces/share/action_tutorials_interfaces/action/NavigateToPose.action
[1.948s] -- Up-to-date: /home/naka-lab/action_ws/install/action_tutorials_interfaces/share/ament_index/resource_index/package_run_dependencies/action_tutorials_interfaces
[1.948s] -- Up-to-date: /home/naka-lab/action_ws/install/action_tutorials_interfaces/share/ament_index/resource_index/parent_prefix_path/action_tutorials_interfaces
[1.948s] -- Up-to-date: /home/naka-lab/action_ws/install/action_tutorials_interfaces/share/action_tutorials_interfaces/environment/ament_prefix_path.sh
[1.948s] -- Installing: /home/naka-lab/action_ws/install/action_tutorials_interfaces/share/action_tutorials_interfaces/environment/ament_prefix_path.dsv
[1.948s] -- Up-to-date: /home/naka-lab/action_ws/install/action_tutorials_interfaces/share/action_tutorials_interfaces/environment/path.sh
[1.948s] -- Installing: /home/naka-lab/action_ws/install/action_tutorials_interfaces/share/action_tutorials_interfaces/environment/path.dsv
[1.948s] -- Up-to-date: /home/naka-lab/action_ws/install/action_tutorials_interfaces/share/action_tutorials_interfaces/local_setup.bash
[1.948s] -- Up-to-date: /home/naka-lab/action_ws/install/action_tutorials_interfaces/share/action_tutorials_interfaces/local_setup.sh
[1.948s] -- Up-to-date: /home/naka-lab/action_ws/install/action_tutorials_interfaces/share/action_tutorials_interfaces/local_setup.zsh
[1.948s] -- Installing: /home/naka-lab/action_ws/install/action_tutorials_interfaces/share/action_tutorials_interfaces/local_setup.dsv
[1.949s] -- Installing: /home/naka-lab/action_ws/install/action_tutorials_interfaces/share/action_tutorials_interfaces/package.dsv
[1.949s] -- Up-to-date: /home/naka-lab/action_ws/install/action_tutorials_interfaces/share/ament_index/resource_index/packages/action_tutorials_interfaces
[1.949s] -- Old export file "/home/naka-lab/action_ws/install/action_tutorials_interfaces/share/action_tutorials_interfaces/cmake/action_tutorials_interfaces__rosidl_generator_cExport.cmake" will be replaced.  Removing files [/home/naka-lab/action_ws/install/action_tutorials_interfaces/share/action_tutorials_interfaces/cmake/action_tutorials_interfaces__rosidl_generator_cExport-noconfig.cmake].
[1.949s] -- Installing: /home/naka-lab/action_ws/install/action_tutorials_interfaces/share/action_tutorials_interfaces/cmake/action_tutorials_interfaces__rosidl_generator_cExport.cmake
[1.949s] -- Installing: /home/naka-lab/action_ws/install/action_tutorials_interfaces/share/action_tutorials_interfaces/cmake/action_tutorials_interfaces__rosidl_generator_cExport-noconfig.cmake
[1.949s] -- Old export file "/home/naka-lab/action_ws/install/action_tutorials_interfaces/share/action_tutorials_interfaces/cmake/action_tutorials_interfaces__rosidl_typesupport_introspection_cExport.cmake" will be replaced.  Removing files [/home/naka-lab/action_ws/install/action_tutorials_interfaces/share/action_tutorials_interfaces/cmake/action_tutorials_interfaces__rosidl_typesupport_introspection_cExport-noconfig.cmake].
[1.949s] -- Installing: /home/naka-lab/action_ws/install/action_tutorials_interfaces/share/action_tutorials_interfaces/cmake/action_tutorials_interfaces__rosidl_typesupport_introspection_cExport.cmake
[1.949s] -- Installing: /home/naka-lab/action_ws/install/action_tutorials_interfaces/share/action_tutorials_interfaces/cmake/action_tutorials_interfaces__rosidl_typesupport_introspection_cExport-noconfig.cmake
[1.950s] -- Old export file "/home/naka-lab/action_ws/install/action_tutorials_interfaces/share/action_tutorials_interfaces/cmake/action_tutorials_interfaces__rosidl_typesupport_cExport.cmake" will be replaced.  Removing files [/home/naka-lab/action_ws/install/action_tutorials_interfaces/share/action_tutorials_interfaces/cmake/action_tutorials_interfaces__rosidl_typesupport_cExport-noconfig.cmake].
[1.950s] -- Installing: /home/naka-lab/action_ws/install/action_tutorials_interfaces/share/action_tutorials_interfaces/cmake/action_tutorials_interfaces__rosidl_typesupport_cExport.cmake
[1.950s] -- Installing: /home/naka-lab/action_ws/install/action_tutorials_interfaces/share/action_tutorials_interfaces/cmake/action_tutorials_interfaces__rosidl_typesupport_cExport-noconfig.cmake
[1.950s] -- Installing: /home/naka-lab/action_ws/install/action_tutorials_interfaces/share/action_tutorials_interfaces/cmake/action_tutorials_interfaces__rosidl_generator_cppExport.cmake
[1.951s] -- Old export file "/home/naka-lab/action_ws/install/action_tutorials_interfaces/share/action_tutorials_interfaces/cmake/action_tutorials_interfaces__rosidl_typesupport_introspection_cppExport.cmake" will be replaced.  Removing files [/home/naka-lab/action_ws/install/action_tutorials_interfaces/share/action_tutorials_interfaces/cmake/action_tutorials_interfaces__rosidl_typesupport_introspection_cppExport-noconfig.cmake].
[1.951s] -- Installing: /home/naka-lab/action_ws/install/action_tutorials_interfaces/share/action_tutorials_interfaces/cmake/action_tutorials_interfaces__rosidl_typesupport_introspection_cppExport.cmake
[1.951s] -- Installing: /home/naka-lab/action_ws/install/action_tutorials_interfaces/share/action_tutorials_interfaces/cmake/action_tutorials_interfaces__rosidl_typesupport_introspection_cppExport-noconfig.cmake
[1.951s] -- Old export file "/home/naka-lab/action_ws/install/action_tutorials_interfaces/share/action_tutorials_interfaces/cmake/action_tutorials_interfaces__rosidl_typesupport_cppExport.cmake" will be replaced.  Removing files [/home/naka-lab/action_ws/install/action_tutorials_interfaces/share/action_tutorials_interfaces/cmake/action_tutorials_interfaces__rosidl_typesupport_cppExport-noconfig.cmake].
[1.951s] -- Installing: /home/naka-lab/action_ws/install/action_tutorials_interfaces/share/action_tutorials_interfaces/cmake/action_tutorials_interfaces__rosidl_typesupport_cppExport.cmake
[1.951s] -- Installing: /home/naka-lab/action_ws/install/action_tutorials_interfaces/share/action_tutorials_interfaces/cmake/action_tutorials_interfaces__rosidl_typesupport_cppExport-noconfig.cmake
[1.952s] -- Up-to-date: /home/naka-lab/action_ws/install/action_tutorials_interfaces/share/action_tutorials_interfaces/cmake/rosidl_cmake-extras.cmake
[1.952s] -- Installing: /home/naka-lab/action_ws/install/action_tutorials_interfaces/share/action_tutorials_interfaces/cmake/ament_cmake_export_dependencies-extras.cmake
[1.952s] -- Up-to-date: /home/naka-lab/action_ws/install/action_tutorials_interfaces/share/action_tutorials_interfaces/cmake/ament_cmake_export_libraries-extras.cmake
[1.952s] -- Up-to-date: /home/naka-lab/action_ws/install/action_tutorials_interfaces/share/action_tutorials_interfaces/cmake/ament_cmake_export_targets-extras.cmake
[1.952s] -- Up-to-date: /home/naka-lab/action_ws/install/action_tutorials_interfaces/share/action_tutorials_interfaces/cmake/ament_cmake_export_include_directories-extras.cmake
[1.952s] -- Up-to-date: /home/naka-lab/action_ws/install/action_tutorials_interfaces/share/action_tutorials_interfaces/cmake/rosidl_cmake_export_typesupport_libraries-extras.cmake
[1.952s] -- Up-to-date: /home/naka-lab/action_ws/install/action_tutorials_interfaces/share/action_tutorials_interfaces/cmake/rosidl_cmake_export_typesupport_targets-extras.cmake
[1.952s] -- Up-to-date: /home/naka-lab/action_ws/install/action_tutorials_interfaces/share/action_tutorials_interfaces/cmake/action_tutorials_interfacesConfig.cmake
[1.952s] -- Up-to-date: /home/naka-lab/action_ws/install/action_tutorials_interfaces/share/action_tutorials_interfaces/cmake/action_tutorials_interfacesConfig-version.cmake
[1.952s] -- Up-to-date: /home/naka-lab/action_ws/install/action_tutorials_interfaces/share/action_tutorials_interfaces/package.xml
[1.954s] Invoked command in '/home/naka-lab/action_ws/build/action_tutorials_interfaces' returned '0': CMAKE_PREFIX_PATH=${CMAKE_PREFIX_PATH}:/opt/ros/foxy /usr/bin/cmake --install /home/naka-lab/action_ws/build/action_tutorials_interfaces
