[0.013s] Invoking command in '/home/naka-lab/action_ws/src/action_tutorials_interfaces/build/action_tutorials_interfaces': CMAKE_PREFIX_PATH=${CMAKE_PREFIX_PATH}:/opt/ros/foxy /usr/bin/cmake /home/naka-lab/action_ws/src/action_tutorials_interfaces -DCMAKE_INSTALL_PREFIX=/home/naka-lab/action_ws/src/action_tutorials_interfaces/install/action_tutorials_interfaces
[0.055s] -- The C compiler identification is GNU 9.3.0
[0.102s] -- The CXX compiler identification is GNU 9.3.0
[0.105s] -- Check for working C compiler: /usr/bin/cc
[0.159s] -- Check for working C compiler: /usr/bin/cc -- works
[0.160s] -- Detecting C compiler ABI info
[0.218s] -- Detecting C compiler ABI info - done
[0.231s] -- Detecting C compile features
[0.232s] -- Detecting C compile features - done
[0.234s] -- Check for working CXX compiler: /usr/bin/c++
[0.302s] -- Check for working CXX compiler: /usr/bin/c++ -- works
[0.303s] -- Detecting CXX compiler ABI info
[0.374s] -- Detecting CXX compiler ABI info - done
[0.383s] -- Detecting CXX compile features
[0.384s] -- Detecting CXX compile features - done
[0.386s] -- Found ament_cmake: 0.9.9 (/opt/ros/foxy/share/ament_cmake/cmake)
[0.405s] -- Found PythonInterp: /usr/bin/python3 (found suitable version "3.8.10", minimum required is "3") 
[0.405s] -- Using PYTHON_EXECUTABLE: /usr/bin/python3
[0.560s] -- Found rosidl_default_generators: 1.0.1 (/opt/ros/foxy/share/rosidl_default_generators/cmake)
[0.563s] -- Using all available rosidl_typesupport_c: rosidl_typesupport_fastrtps_c;rosidl_typesupport_introspection_c
[0.569s] -- Found rosidl_adapter: 1.2.1 (/opt/ros/foxy/share/rosidl_adapter/cmake)
[0.644s] -- Found OpenSSL: /usr/lib/x86_64-linux-gnu/libcrypto.so (found version "1.1.1f")  
[0.667s] -- Found FastRTPS: /opt/ros/foxy/include  
[0.732s] -- Using all available rosidl_typesupport_cpp: rosidl_typesupport_fastrtps_cpp;rosidl_typesupport_introspection_cpp
[0.755s] CMake Error at /opt/ros/foxy/share/rosidl_cmake/cmake/rosidl_generate_interfaces.cmake:93 (message):
[0.755s]   rosidl_generate_interfaces() the passed file 'action/Fibonacci.action'
[0.755s]   doesn't exist relative to the CMAKE_CURRENT_SOURCE_DIR
[0.756s]   '/home/naka-lab/action_ws/src/action_tutorials_interfaces'
[0.756s] Call Stack (most recent call first):
[0.756s]   CMakeLists.txt:26 (rosidl_generate_interfaces)
[0.756s] 
[0.756s] 
[0.757s] -- Configuring incomplete, errors occurred!
[0.757s] See also "/home/naka-lab/action_ws/src/action_tutorials_interfaces/build/action_tutorials_interfaces/CMakeFiles/CMakeOutput.log".
[0.761s] Invoked command in '/home/naka-lab/action_ws/src/action_tutorials_interfaces/build/action_tutorials_interfaces' returned '1': CMAKE_PREFIX_PATH=${CMAKE_PREFIX_PATH}:/opt/ros/foxy /usr/bin/cmake /home/naka-lab/action_ws/src/action_tutorials_interfaces -DCMAKE_INSTALL_PREFIX=/home/naka-lab/action_ws/src/action_tutorials_interfaces/install/action_tutorials_interfaces
