[0.011s] Invoking command in '/home/naka-lab/action_ws/build/action_tutorials_interfaces': CMAKE_PREFIX_PATH=${CMAKE_PREFIX_PATH}:/opt/ros/foxy /usr/bin/cmake /home/naka-lab/action_ws/src/action_tutorials_interfaces -DCMAKE_INSTALL_PREFIX=/home/naka-lab/action_ws/install/action_tutorials_interfaces
[0.052s] -- The C compiler identification is GNU 9.3.0
[0.092s] -- The CXX compiler identification is GNU 9.3.0
[0.096s] -- Check for working C compiler: /usr/bin/cc
[0.147s] -- Check for working C compiler: /usr/bin/cc -- works
[0.148s] -- Detecting C compiler ABI info
[0.199s] -- Detecting C compiler ABI info - done
[0.209s] -- Detecting C compile features
[0.210s] -- Detecting C compile features - done
[0.212s] -- Check for working CXX compiler: /usr/bin/c++
[0.277s] -- Check for working CXX compiler: /usr/bin/c++ -- works
[0.278s] -- Detecting CXX compiler ABI info
[0.352s] -- Detecting CXX compiler ABI info - done
[0.364s] -- Detecting CXX compile features
[0.364s] -- Detecting CXX compile features - done
[0.367s] -- Found ament_cmake: 0.9.9 (/opt/ros/foxy/share/ament_cmake/cmake)
[0.385s] -- Found PythonInterp: /usr/bin/python3 (found suitable version "3.8.10", minimum required is "3") 
[0.385s] -- Using PYTHON_EXECUTABLE: /usr/bin/python3
[0.543s] -- Found rosidl_default_generators: 1.0.1 (/opt/ros/foxy/share/rosidl_default_generators/cmake)
[0.546s] -- Using all available rosidl_typesupport_c: rosidl_typesupport_fastrtps_c;rosidl_typesupport_introspection_c
[0.552s] -- Found rosidl_adapter: 1.2.1 (/opt/ros/foxy/share/rosidl_adapter/cmake)
[0.625s] -- Found OpenSSL: /usr/lib/x86_64-linux-gnu/libcrypto.so (found version "1.1.1f")  
[0.648s] -- Found FastRTPS: /opt/ros/foxy/include  
[0.712s] -- Using all available rosidl_typesupport_cpp: rosidl_typesupport_fastrtps_cpp;rosidl_typesupport_introspection_cpp
[0.750s] -- Found PythonInterp: /usr/bin/python3 (found version "3.8.10") 
[0.901s] -- Found ament_cmake_ros: 0.9.2 (/opt/ros/foxy/share/ament_cmake_ros/cmake)
[1.016s] -- Using all available rosidl_typesupport_c: rosidl_typesupport_fastrtps_c;rosidl_typesupport_introspection_c
[1.038s] -- Using all available rosidl_typesupport_cpp: rosidl_typesupport_fastrtps_cpp;rosidl_typesupport_introspection_cpp
[1.059s] -- Found PythonInterp: /usr/bin/python3 (found suitable version "3.8.10", minimum required is "3.5") 
[1.061s] -- Found python_cmake_module: 0.8.1 (/opt/ros/foxy/share/python_cmake_module/cmake)
[1.083s] -- Found PythonLibs: /usr/lib/x86_64-linux-gnu/libpython3.8.so (found suitable version "3.8.10", minimum required is "3.5") 
[1.083s] -- Using PYTHON_EXECUTABLE: /usr/bin/python3
[1.083s] -- Using PYTHON_INCLUDE_DIRS: /usr/include/python3.8
[1.083s] -- Using PYTHON_LIBRARIES: /usr/lib/x86_64-linux-gnu/libpython3.8.so
[1.100s] -- Found PythonExtra: .so  
[1.141s] -- Found ament_lint_auto: 0.9.6 (/opt/ros/foxy/share/ament_lint_auto/cmake)
[1.158s] -- Added test 'copyright' to check source files copyright and LICENSE
[1.162s] -- Added test 'cppcheck' to perform static code analysis on C / C++ code
[1.163s] -- Configured cppcheck include dirs: 
[1.163s] -- Configured cppcheck exclude dirs and/or files: 
[1.166s] -- Added test 'cpplint' to check C / C++ code against the Google style
[1.166s] -- Configured cpplint exclude dirs and/or files: 
[1.167s] -- Added test 'flake8' to check Python code syntax and style conventions
[1.168s] -- Added test 'lint_cmake' to check CMake code style
[1.169s] -- Added test 'pep257' to check Python code against some of the style conventions in PEP 257
[1.172s] -- Added test 'uncrustify' to check C / C++ code style
[1.172s] -- Configured uncrustify additional arguments: 
[1.173s] -- Added test 'xmllint' to check XML markup files
[1.177s] -- Configuring done
[1.216s] -- Generating done
[1.218s] -- Build files have been written to: /home/naka-lab/action_ws/build/action_tutorials_interfaces
[1.224s] Invoked command in '/home/naka-lab/action_ws/build/action_tutorials_interfaces' returned '0': CMAKE_PREFIX_PATH=${CMAKE_PREFIX_PATH}:/opt/ros/foxy /usr/bin/cmake /home/naka-lab/action_ws/src/action_tutorials_interfaces -DCMAKE_INSTALL_PREFIX=/home/naka-lab/action_ws/install/action_tutorials_interfaces
[1.226s] Invoking command in '/home/naka-lab/action_ws/build/action_tutorials_interfaces': CMAKE_PREFIX_PATH=${CMAKE_PREFIX_PATH}:/opt/ros/foxy /usr/bin/cmake --build /home/naka-lab/action_ws/build/action_tutorials_interfaces -- -j12 -l12
[1.259s] [  3%] [34m[1mGenerating C code for ROS interfaces[0m
[1.259s] [35m[1mScanning dependencies of target action_tutorials_interfaces__cpp[0m
[1.267s] [  6%] [34m[1mGenerating C++ code for ROS interfaces[0m
[1.564s] [35m[1mScanning dependencies of target action_tutorials_interfaces__rosidl_generator_c[0m
[1.575s] [  9%] [32mBuilding C object CMakeFiles/action_tutorials_interfaces__rosidl_generator_c.dir/rosidl_generator_c/action_tutorials_interfaces/action/detail/navigate_to_pose__functions.c.o[0m
[1.626s] [  9%] Built target action_tutorials_interfaces__cpp
[1.636s] [ 16%] [34m[1mGenerating C++ type support for eProsima Fast-RTPS[0m
[1.636s] [ 16%] [34m[1mGenerating C++ introspection for ROS interfaces[0m
[1.637s] [ 19%] [34m[1mGenerating C++ type support dispatch for ROS interfaces[0m
[1.647s] [ 22%] [32m[1mLinking C shared library libaction_tutorials_interfaces__rosidl_generator_c.so[0m
[1.680s] [ 22%] Built target action_tutorials_interfaces__rosidl_generator_c
[1.690s] [ 29%] [34m[1mGenerating C type support dispatch for ROS interfaces[0m
[1.690s] [ 29%] [34m[1mGenerating C introspection for ROS interfaces[0m
[1.909s] [35m[1mScanning dependencies of target action_tutorials_interfaces__rosidl_typesupport_cpp[0m
[1.919s] [35m[1mScanning dependencies of target action_tutorials_interfaces__rosidl_typesupport_introspection_cpp[0m
[1.922s] [ 32%] [32mBuilding CXX object CMakeFiles/action_tutorials_interfaces__rosidl_typesupport_cpp.dir/rosidl_typesupport_cpp/action_tutorials_interfaces/action/navigate_to_pose__type_support.cpp.o[0m
[1.932s] [ 35%] [32mBuilding CXX object CMakeFiles/action_tutorials_interfaces__rosidl_typesupport_introspection_cpp.dir/rosidl_typesupport_introspection_cpp/action_tutorials_interfaces/action/detail/navigate_to_pose__type_support.cpp.o[0m
[1.940s] [35m[1mScanning dependencies of target action_tutorials_interfaces__rosidl_typesupport_c[0m
[1.953s] [ 38%] [32mBuilding CXX object CMakeFiles/action_tutorials_interfaces__rosidl_typesupport_c.dir/rosidl_typesupport_c/action_tutorials_interfaces/action/navigate_to_pose__type_support.cpp.o[0m
[1.968s] [35m[1mScanning dependencies of target action_tutorials_interfaces__rosidl_typesupport_fastrtps_cpp[0m
[1.984s] [ 41%] [32mBuilding CXX object CMakeFiles/action_tutorials_interfaces__rosidl_typesupport_fastrtps_cpp.dir/rosidl_typesupport_fastrtps_cpp/action_tutorials_interfaces/action/detail/dds_fastrtps/navigate_to_pose__type_support.cpp.o[0m
[1.995s] [ 45%] [32m[1mLinking CXX shared library libaction_tutorials_interfaces__rosidl_typesupport_c.so[0m
[2.033s] [ 45%] Built target action_tutorials_interfaces__rosidl_typesupport_c
[2.037s] [35m[1mScanning dependencies of target action_tutorials_interfaces__rosidl_typesupport_introspection_c[0m
[2.052s] [ 48%] [32mBuilding C object CMakeFiles/action_tutorials_interfaces__rosidl_typesupport_introspection_c.dir/rosidl_typesupport_introspection_c/action_tutorials_interfaces/action/detail/navigate_to_pose__type_support.c.o[0m
[2.093s] [ 51%] [32m[1mLinking C shared library libaction_tutorials_interfaces__rosidl_typesupport_introspection_c.so[0m
[2.122s] [ 51%] Built target action_tutorials_interfaces__rosidl_typesupport_introspection_c
[2.234s] [ 58%] [32m[1mLinking CXX shared library libaction_tutorials_interfaces__rosidl_typesupport_cpp.so[0m
[2.234s] [ 58%] [32m[1mLinking CXX shared library libaction_tutorials_interfaces__rosidl_typesupport_introspection_cpp.so[0m
[2.270s] [ 58%] Built target action_tutorials_interfaces__rosidl_typesupport_cpp
[2.300s] [ 58%] Built target action_tutorials_interfaces__rosidl_typesupport_introspection_cpp
[2.413s] [ 61%] [32m[1mLinking CXX shared library libaction_tutorials_interfaces__rosidl_typesupport_fastrtps_cpp.so[0m
[2.477s] [ 61%] Built target action_tutorials_interfaces__rosidl_typesupport_fastrtps_cpp
[2.485s] [ 64%] [34m[1mGenerating C type support for eProsima Fast-RTPS[0m
[2.807s] [35m[1mScanning dependencies of target action_tutorials_interfaces__rosidl_typesupport_fastrtps_c[0m
[2.823s] [ 67%] [32mBuilding CXX object CMakeFiles/action_tutorials_interfaces__rosidl_typesupport_fastrtps_c.dir/rosidl_typesupport_fastrtps_c/action_tutorials_interfaces/action/detail/navigate_to_pose__type_support_c.cpp.o[0m
[3.138s] [ 70%] [32m[1mLinking CXX shared library libaction_tutorials_interfaces__rosidl_typesupport_fastrtps_c.so[0m
[3.206s] [ 70%] Built target action_tutorials_interfaces__rosidl_typesupport_fastrtps_c
[3.213s] [35m[1mScanning dependencies of target action_tutorials_interfaces[0m
[3.222s] [ 70%] Built target action_tutorials_interfaces
[3.230s] [35m[1mScanning dependencies of target action_tutorials_interfaces__py[0m
[3.239s] [ 74%] [34m[1mGenerating Python code for ROS interfaces[0m
[3.878s] [ 74%] Built target action_tutorials_interfaces__py
[3.885s] [35m[1mScanning dependencies of target action_tutorials_interfaces__python[0m
[3.900s] [ 77%] [32mBuilding C object CMakeFiles/action_tutorials_interfaces__python.dir/rosidl_generator_py/action_tutorials_interfaces/action/_navigate_to_pose_s.c.o[0m
[4.000s] [ 80%] [32m[1mLinking C shared library rosidl_generator_py/action_tutorials_interfaces/libaction_tutorials_interfaces__python.so[0m
[4.033s] [ 80%] Built target action_tutorials_interfaces__python
[4.042s] [35m[1mScanning dependencies of target action_tutorials_interfaces__rosidl_typesupport_introspection_c__pyext[0m
[4.042s] [35m[1mScanning dependencies of target action_tutorials_interfaces__rosidl_typesupport_c__pyext[0m
[4.042s] [35m[1mScanning dependencies of target action_tutorials_interfaces__rosidl_typesupport_fastrtps_c__pyext[0m
[4.058s] [ 83%] [32mBuilding C object CMakeFiles/action_tutorials_interfaces__rosidl_typesupport_c__pyext.dir/rosidl_generator_py/action_tutorials_interfaces/_action_tutorials_interfaces_s.ep.rosidl_typesupport_c.c.o[0m
[4.058s] [ 87%] [32mBuilding C object CMakeFiles/action_tutorials_interfaces__rosidl_typesupport_introspection_c__pyext.dir/rosidl_generator_py/action_tutorials_interfaces/_action_tutorials_interfaces_s.ep.rosidl_typesupport_introspection_c.c.o[0m
[4.059s] [ 90%] [32mBuilding C object CMakeFiles/action_tutorials_interfaces__rosidl_typesupport_fastrtps_c__pyext.dir/rosidl_generator_py/action_tutorials_interfaces/_action_tutorials_interfaces_s.ep.rosidl_typesupport_fastrtps_c.c.o[0m
[4.139s] [ 93%] [32m[1mLinking C shared library rosidl_generator_py/action_tutorials_interfaces/action_tutorials_interfaces_s__rosidl_typesupport_c.cpython-38-x86_64-linux-gnu.so[0m
[4.140s] [ 96%] [32m[1mLinking C shared library rosidl_generator_py/action_tutorials_interfaces/action_tutorials_interfaces_s__rosidl_typesupport_introspection_c.cpython-38-x86_64-linux-gnu.so[0m
[4.142s] [100%] [32m[1mLinking CXX shared library rosidl_generator_py/action_tutorials_interfaces/action_tutorials_interfaces_s__rosidl_typesupport_fastrtps_c.cpython-38-x86_64-linux-gnu.so[0m
[4.171s] [100%] Built target action_tutorials_interfaces__rosidl_typesupport_introspection_c__pyext
[4.171s] [100%] Built target action_tutorials_interfaces__rosidl_typesupport_c__pyext
[4.198s] [100%] Built target action_tutorials_interfaces__rosidl_typesupport_fastrtps_c__pyext
[4.206s] Invoked command in '/home/naka-lab/action_ws/build/action_tutorials_interfaces' returned '0': CMAKE_PREFIX_PATH=${CMAKE_PREFIX_PATH}:/opt/ros/foxy /usr/bin/cmake --build /home/naka-lab/action_ws/build/action_tutorials_interfaces -- -j12 -l12
[4.251s] Invoking command in '/home/naka-lab/action_ws/build/action_tutorials_interfaces': CMAKE_PREFIX_PATH=${CMAKE_PREFIX_PATH}:/opt/ros/foxy /usr/bin/cmake --install /home/naka-lab/action_ws/build/action_tutorials_interfaces
[4.257s] -- Install configuration: ""
[4.258s] -- Installing: /home/naka-lab/action_ws/install/action_tutorials_interfaces/share/ament_index/resource_index/rosidl_interfaces/action_tutorials_interfaces
[4.258s] -- Installing: /home/naka-lab/action_ws/install/action_tutorials_interfaces/include/action_tutorials_interfaces
[4.258s] -- Installing: /home/naka-lab/action_ws/install/action_tutorials_interfaces/include/action_tutorials_interfaces/msg
[4.258s] -- Installing: /home/naka-lab/action_ws/install/action_tutorials_interfaces/include/action_tutorials_interfaces/msg/rosidl_generator_c__visibility_control.h
[4.258s] -- Installing: /home/naka-lab/action_ws/install/action_tutorials_interfaces/include/action_tutorials_interfaces/action
[4.258s] -- Installing: /home/naka-lab/action_ws/install/action_tutorials_interfaces/include/action_tutorials_interfaces/action/navigate_to_pose.h
[4.258s] -- Installing: /home/naka-lab/action_ws/install/action_tutorials_interfaces/include/action_tutorials_interfaces/action/detail
[4.258s] -- Installing: /home/naka-lab/action_ws/install/action_tutorials_interfaces/include/action_tutorials_interfaces/action/detail/navigate_to_pose__functions.h
[4.258s] -- Installing: /home/naka-lab/action_ws/install/action_tutorials_interfaces/include/action_tutorials_interfaces/action/detail/navigate_to_pose__struct.h
[4.258s] -- Installing: /home/naka-lab/action_ws/install/action_tutorials_interfaces/include/action_tutorials_interfaces/action/detail/navigate_to_pose__functions.c
[4.258s] -- Installing: /home/naka-lab/action_ws/install/action_tutorials_interfaces/include/action_tutorials_interfaces/action/detail/navigate_to_pose__type_support.h
[4.258s] -- Installing: /home/naka-lab/action_ws/install/action_tutorials_interfaces/share/action_tutorials_interfaces/environment/library_path.sh
[4.258s] -- Installing: /home/naka-lab/action_ws/install/action_tutorials_interfaces/share/action_tutorials_interfaces/environment/library_path.dsv
[4.259s] -- Installing: /home/naka-lab/action_ws/install/action_tutorials_interfaces/lib/libaction_tutorials_interfaces__rosidl_generator_c.so
[4.259s] -- Set runtime path of "/home/naka-lab/action_ws/install/action_tutorials_interfaces/lib/libaction_tutorials_interfaces__rosidl_generator_c.so" to ""
[4.259s] -- Up-to-date: /home/naka-lab/action_ws/install/action_tutorials_interfaces/include/action_tutorials_interfaces
[4.259s] -- Up-to-date: /home/naka-lab/action_ws/install/action_tutorials_interfaces/include/action_tutorials_interfaces/msg
[4.259s] -- Installing: /home/naka-lab/action_ws/install/action_tutorials_interfaces/include/action_tutorials_interfaces/msg/rosidl_typesupport_fastrtps_c__visibility_control.h
[4.259s] -- Up-to-date: /home/naka-lab/action_ws/install/action_tutorials_interfaces/include/action_tutorials_interfaces/action
[4.259s] -- Up-to-date: /home/naka-lab/action_ws/install/action_tutorials_interfaces/include/action_tutorials_interfaces/action/detail
[4.259s] -- Installing: /home/naka-lab/action_ws/install/action_tutorials_interfaces/include/action_tutorials_interfaces/action/detail/navigate_to_pose__rosidl_typesupport_fastrtps_c.h
[4.259s] -- Installing: /home/naka-lab/action_ws/install/action_tutorials_interfaces/lib/libaction_tutorials_interfaces__rosidl_typesupport_fastrtps_c.so
[4.260s] -- Set runtime path of "/home/naka-lab/action_ws/install/action_tutorials_interfaces/lib/libaction_tutorials_interfaces__rosidl_typesupport_fastrtps_c.so" to ""
[4.260s] -- Up-to-date: /home/naka-lab/action_ws/install/action_tutorials_interfaces/include/action_tutorials_interfaces
[4.260s] -- Up-to-date: /home/naka-lab/action_ws/install/action_tutorials_interfaces/include/action_tutorials_interfaces/msg
[4.260s] -- Installing: /home/naka-lab/action_ws/install/action_tutorials_interfaces/include/action_tutorials_interfaces/msg/rosidl_typesupport_fastrtps_cpp__visibility_control.h
[4.260s] -- Up-to-date: /home/naka-lab/action_ws/install/action_tutorials_interfaces/include/action_tutorials_interfaces/action
[4.260s] -- Up-to-date: /home/naka-lab/action_ws/install/action_tutorials_interfaces/include/action_tutorials_interfaces/action/detail
[4.260s] -- Installing: /home/naka-lab/action_ws/install/action_tutorials_interfaces/include/action_tutorials_interfaces/action/detail/navigate_to_pose__rosidl_typesupport_fastrtps_cpp.hpp
[4.260s] -- Installing: /home/naka-lab/action_ws/install/action_tutorials_interfaces/include/action_tutorials_interfaces/action/detail/dds_fastrtps
[4.260s] -- Installing: /home/naka-lab/action_ws/install/action_tutorials_interfaces/lib/libaction_tutorials_interfaces__rosidl_typesupport_fastrtps_cpp.so
[4.260s] -- Set runtime path of "/home/naka-lab/action_ws/install/action_tutorials_interfaces/lib/libaction_tutorials_interfaces__rosidl_typesupport_fastrtps_cpp.so" to ""
[4.260s] -- Up-to-date: /home/naka-lab/action_ws/install/action_tutorials_interfaces/include/action_tutorials_interfaces
[4.261s] -- Up-to-date: /home/naka-lab/action_ws/install/action_tutorials_interfaces/include/action_tutorials_interfaces/msg
[4.261s] -- Installing: /home/naka-lab/action_ws/install/action_tutorials_interfaces/include/action_tutorials_interfaces/msg/rosidl_typesupport_introspection_c__visibility_control.h
[4.261s] -- Up-to-date: /home/naka-lab/action_ws/install/action_tutorials_interfaces/include/action_tutorials_interfaces/action
[4.261s] -- Up-to-date: /home/naka-lab/action_ws/install/action_tutorials_interfaces/include/action_tutorials_interfaces/action/detail
[4.261s] -- Installing: /home/naka-lab/action_ws/install/action_tutorials_interfaces/include/action_tutorials_interfaces/action/detail/navigate_to_pose__type_support.c
[4.261s] -- Installing: /home/naka-lab/action_ws/install/action_tutorials_interfaces/include/action_tutorials_interfaces/action/detail/navigate_to_pose__rosidl_typesupport_introspection_c.h
[4.261s] -- Installing: /home/naka-lab/action_ws/install/action_tutorials_interfaces/lib/libaction_tutorials_interfaces__rosidl_typesupport_introspection_c.so
[4.261s] -- Set runtime path of "/home/naka-lab/action_ws/install/action_tutorials_interfaces/lib/libaction_tutorials_interfaces__rosidl_typesupport_introspection_c.so" to ""
[4.261s] -- Installing: /home/naka-lab/action_ws/install/action_tutorials_interfaces/lib/libaction_tutorials_interfaces__rosidl_typesupport_c.so
[4.262s] -- Set runtime path of "/home/naka-lab/action_ws/install/action_tutorials_interfaces/lib/libaction_tutorials_interfaces__rosidl_typesupport_c.so" to ""
[4.262s] -- Up-to-date: /home/naka-lab/action_ws/install/action_tutorials_interfaces/include/action_tutorials_interfaces
[4.262s] -- Up-to-date: /home/naka-lab/action_ws/install/action_tutorials_interfaces/include/action_tutorials_interfaces/action
[4.262s] -- Installing: /home/naka-lab/action_ws/install/action_tutorials_interfaces/include/action_tutorials_interfaces/action/navigate_to_pose.hpp
[4.262s] -- Up-to-date: /home/naka-lab/action_ws/install/action_tutorials_interfaces/include/action_tutorials_interfaces/action/detail
[4.262s] -- Installing: /home/naka-lab/action_ws/install/action_tutorials_interfaces/include/action_tutorials_interfaces/action/detail/navigate_to_pose__builder.hpp
[4.262s] -- Installing: /home/naka-lab/action_ws/install/action_tutorials_interfaces/include/action_tutorials_interfaces/action/detail/navigate_to_pose__traits.hpp
[4.262s] -- Installing: /home/naka-lab/action_ws/install/action_tutorials_interfaces/include/action_tutorials_interfaces/action/detail/navigate_to_pose__struct.hpp
[4.262s] -- Up-to-date: /home/naka-lab/action_ws/install/action_tutorials_interfaces/include/action_tutorials_interfaces
[4.262s] -- Up-to-date: /home/naka-lab/action_ws/install/action_tutorials_interfaces/include/action_tutorials_interfaces/action
[4.262s] -- Up-to-date: /home/naka-lab/action_ws/install/action_tutorials_interfaces/include/action_tutorials_interfaces/action/detail
[4.262s] -- Installing: /home/naka-lab/action_ws/install/action_tutorials_interfaces/include/action_tutorials_interfaces/action/detail/navigate_to_pose__rosidl_typesupport_introspection_cpp.hpp
[4.262s] -- Installing: /home/naka-lab/action_ws/install/action_tutorials_interfaces/include/action_tutorials_interfaces/action/detail/navigate_to_pose__type_support.cpp
[4.262s] -- Installing: /home/naka-lab/action_ws/install/action_tutorials_interfaces/lib/libaction_tutorials_interfaces__rosidl_typesupport_introspection_cpp.so
[4.263s] -- Set runtime path of "/home/naka-lab/action_ws/install/action_tutorials_interfaces/lib/libaction_tutorials_interfaces__rosidl_typesupport_introspection_cpp.so" to ""
[4.263s] -- Installing: /home/naka-lab/action_ws/install/action_tutorials_interfaces/lib/libaction_tutorials_interfaces__rosidl_typesupport_cpp.so
[4.263s] -- Set runtime path of "/home/naka-lab/action_ws/install/action_tutorials_interfaces/lib/libaction_tutorials_interfaces__rosidl_typesupport_cpp.so" to ""
[4.263s] -- Installing: /home/naka-lab/action_ws/install/action_tutorials_interfaces/share/action_tutorials_interfaces/environment/pythonpath.sh
[4.263s] -- Installing: /home/naka-lab/action_ws/install/action_tutorials_interfaces/share/action_tutorials_interfaces/environment/pythonpath.dsv
[4.264s] -- Installing: /home/naka-lab/action_ws/install/action_tutorials_interfaces/lib/python3.8/site-packages/action_tutorials_interfaces/__init__.py
[4.287s] Compiling '/home/naka-lab/action_ws/install/action_tutorials_interfaces/lib/python3.8/site-packages/action_tutorials_interfaces/__init__.py'...
[4.290s] -- Installing: /home/naka-lab/action_ws/install/action_tutorials_interfaces/lib/python3.8/site-packages/action_tutorials_interfaces/action
[4.290s] -- Installing: /home/naka-lab/action_ws/install/action_tutorials_interfaces/lib/python3.8/site-packages/action_tutorials_interfaces/action/_navigate_to_pose_s.c
[4.290s] -- Installing: /home/naka-lab/action_ws/install/action_tutorials_interfaces/lib/python3.8/site-packages/action_tutorials_interfaces/action/__init__.py
[4.290s] -- Installing: /home/naka-lab/action_ws/install/action_tutorials_interfaces/lib/python3.8/site-packages/action_tutorials_interfaces/action/_navigate_to_pose.py
[4.291s] -- Installing: /home/naka-lab/action_ws/install/action_tutorials_interfaces/lib/python3.8/site-packages/action_tutorials_interfaces/action_tutorials_interfaces_s__rosidl_typesupport_fastrtps_c.cpython-38-x86_64-linux-gnu.so
[4.291s] -- Set runtime path of "/home/naka-lab/action_ws/install/action_tutorials_interfaces/lib/python3.8/site-packages/action_tutorials_interfaces/action_tutorials_interfaces_s__rosidl_typesupport_fastrtps_c.cpython-38-x86_64-linux-gnu.so" to ""
[4.291s] -- Installing: /home/naka-lab/action_ws/install/action_tutorials_interfaces/lib/python3.8/site-packages/action_tutorials_interfaces/action_tutorials_interfaces_s__rosidl_typesupport_introspection_c.cpython-38-x86_64-linux-gnu.so
[4.292s] -- Set runtime path of "/home/naka-lab/action_ws/install/action_tutorials_interfaces/lib/python3.8/site-packages/action_tutorials_interfaces/action_tutorials_interfaces_s__rosidl_typesupport_introspection_c.cpython-38-x86_64-linux-gnu.so" to ""
[4.292s] -- Installing: /home/naka-lab/action_ws/install/action_tutorials_interfaces/lib/python3.8/site-packages/action_tutorials_interfaces/action_tutorials_interfaces_s__rosidl_typesupport_c.cpython-38-x86_64-linux-gnu.so
[4.293s] -- Set runtime path of "/home/naka-lab/action_ws/install/action_tutorials_interfaces/lib/python3.8/site-packages/action_tutorials_interfaces/action_tutorials_interfaces_s__rosidl_typesupport_c.cpython-38-x86_64-linux-gnu.so" to ""
[4.293s] -- Installing: /home/naka-lab/action_ws/install/action_tutorials_interfaces/lib/libaction_tutorials_interfaces__python.so
[4.293s] -- Set runtime path of "/home/naka-lab/action_ws/install/action_tutorials_interfaces/lib/libaction_tutorials_interfaces__python.so" to ""
[4.293s] -- Installing: /home/naka-lab/action_ws/install/action_tutorials_interfaces/share/action_tutorials_interfaces/action/NavigateToPose.idl
[4.293s] -- Installing: /home/naka-lab/action_ws/install/action_tutorials_interfaces/share/action_tutorials_interfaces/action/NavigateToPose.action
[4.293s] -- Installing: /home/naka-lab/action_ws/install/action_tutorials_interfaces/share/ament_index/resource_index/package_run_dependencies/action_tutorials_interfaces
[4.294s] -- Installing: /home/naka-lab/action_ws/install/action_tutorials_interfaces/share/ament_index/resource_index/parent_prefix_path/action_tutorials_interfaces
[4.294s] -- Installing: /home/naka-lab/action_ws/install/action_tutorials_interfaces/share/action_tutorials_interfaces/environment/ament_prefix_path.sh
[4.294s] -- Installing: /home/naka-lab/action_ws/install/action_tutorials_interfaces/share/action_tutorials_interfaces/environment/ament_prefix_path.dsv
[4.294s] -- Installing: /home/naka-lab/action_ws/install/action_tutorials_interfaces/share/action_tutorials_interfaces/environment/path.sh
[4.294s] -- Installing: /home/naka-lab/action_ws/install/action_tutorials_interfaces/share/action_tutorials_interfaces/environment/path.dsv
[4.294s] -- Installing: /home/naka-lab/action_ws/install/action_tutorials_interfaces/share/action_tutorials_interfaces/local_setup.bash
[4.294s] -- Installing: /home/naka-lab/action_ws/install/action_tutorials_interfaces/share/action_tutorials_interfaces/local_setup.sh
[4.294s] -- Installing: /home/naka-lab/action_ws/install/action_tutorials_interfaces/share/action_tutorials_interfaces/local_setup.zsh
[4.294s] -- Installing: /home/naka-lab/action_ws/install/action_tutorials_interfaces/share/action_tutorials_interfaces/local_setup.dsv
[4.294s] -- Installing: /home/naka-lab/action_ws/install/action_tutorials_interfaces/share/action_tutorials_interfaces/package.dsv
[4.294s] -- Installing: /home/naka-lab/action_ws/install/action_tutorials_interfaces/share/ament_index/resource_index/packages/action_tutorials_interfaces
[4.295s] -- Installing: /home/naka-lab/action_ws/install/action_tutorials_interfaces/share/action_tutorials_interfaces/cmake/action_tutorials_interfaces__rosidl_generator_cExport.cmake
[4.295s] -- Installing: /home/naka-lab/action_ws/install/action_tutorials_interfaces/share/action_tutorials_interfaces/cmake/action_tutorials_interfaces__rosidl_generator_cExport-noconfig.cmake
[4.295s] -- Installing: /home/naka-lab/action_ws/install/action_tutorials_interfaces/share/action_tutorials_interfaces/cmake/action_tutorials_interfaces__rosidl_typesupport_introspection_cExport.cmake
[4.295s] -- Installing: /home/naka-lab/action_ws/install/action_tutorials_interfaces/share/action_tutorials_interfaces/cmake/action_tutorials_interfaces__rosidl_typesupport_introspection_cExport-noconfig.cmake
[4.295s] -- Installing: /home/naka-lab/action_ws/install/action_tutorials_interfaces/share/action_tutorials_interfaces/cmake/action_tutorials_interfaces__rosidl_typesupport_cExport.cmake
[4.295s] -- Installing: /home/naka-lab/action_ws/install/action_tutorials_interfaces/share/action_tutorials_interfaces/cmake/action_tutorials_interfaces__rosidl_typesupport_cExport-noconfig.cmake
[4.295s] -- Installing: /home/naka-lab/action_ws/install/action_tutorials_interfaces/share/action_tutorials_interfaces/cmake/action_tutorials_interfaces__rosidl_generator_cppExport.cmake
[4.296s] -- Installing: /home/naka-lab/action_ws/install/action_tutorials_interfaces/share/action_tutorials_interfaces/cmake/action_tutorials_interfaces__rosidl_typesupport_introspection_cppExport.cmake
[4.296s] -- Installing: /home/naka-lab/action_ws/install/action_tutorials_interfaces/share/action_tutorials_interfaces/cmake/action_tutorials_interfaces__rosidl_typesupport_introspection_cppExport-noconfig.cmake
[4.296s] -- Installing: /home/naka-lab/action_ws/install/action_tutorials_interfaces/share/action_tutorials_interfaces/cmake/action_tutorials_interfaces__rosidl_typesupport_cppExport.cmake
[4.296s] -- Installing: /home/naka-lab/action_ws/install/action_tutorials_interfaces/share/action_tutorials_interfaces/cmake/action_tutorials_interfaces__rosidl_typesupport_cppExport-noconfig.cmake
[4.296s] -- Installing: /home/naka-lab/action_ws/install/action_tutorials_interfaces/share/action_tutorials_interfaces/cmake/rosidl_cmake-extras.cmake
[4.296s] -- Installing: /home/naka-lab/action_ws/install/action_tutorials_interfaces/share/action_tutorials_interfaces/cmake/ament_cmake_export_dependencies-extras.cmake
[4.296s] -- Installing: /home/naka-lab/action_ws/install/action_tutorials_interfaces/share/action_tutorials_interfaces/cmake/ament_cmake_export_libraries-extras.cmake
[4.296s] -- Installing: /home/naka-lab/action_ws/install/action_tutorials_interfaces/share/action_tutorials_interfaces/cmake/ament_cmake_export_targets-extras.cmake
[4.296s] -- Installing: /home/naka-lab/action_ws/install/action_tutorials_interfaces/share/action_tutorials_interfaces/cmake/ament_cmake_export_include_directories-extras.cmake
[4.297s] -- Installing: /home/naka-lab/action_ws/install/action_tutorials_interfaces/share/action_tutorials_interfaces/cmake/rosidl_cmake_export_typesupport_libraries-extras.cmake
[4.297s] -- Installing: /home/naka-lab/action_ws/install/action_tutorials_interfaces/share/action_tutorials_interfaces/cmake/rosidl_cmake_export_typesupport_targets-extras.cmake
[4.297s] -- Installing: /home/naka-lab/action_ws/install/action_tutorials_interfaces/share/action_tutorials_interfaces/cmake/action_tutorials_interfacesConfig.cmake
[4.297s] -- Installing: /home/naka-lab/action_ws/install/action_tutorials_interfaces/share/action_tutorials_interfaces/cmake/action_tutorials_interfacesConfig-version.cmake
[4.297s] -- Installing: /home/naka-lab/action_ws/install/action_tutorials_interfaces/share/action_tutorials_interfaces/package.xml
[4.299s] Invoked command in '/home/naka-lab/action_ws/build/action_tutorials_interfaces' returned '0': CMAKE_PREFIX_PATH=${CMAKE_PREFIX_PATH}:/opt/ros/foxy /usr/bin/cmake --install /home/naka-lab/action_ws/build/action_tutorials_interfaces
