[0.036s] Invoking command in '/home/naka-lab/action_ws/build/cpp_pubsub': CMAKE_PREFIX_PATH=${CMAKE_PREFIX_PATH}:/opt/ros/foxy /usr/bin/cmake --build /home/naka-lab/action_ws/build/cpp_pubsub -- -j12 -l12
[0.183s] [100%] Built target listener
[0.214s] Invoked command in '/home/naka-lab/action_ws/build/cpp_pubsub' returned '0': CMAKE_PREFIX_PATH=${CMAKE_PREFIX_PATH}:/opt/ros/foxy /usr/bin/cmake --build /home/naka-lab/action_ws/build/cpp_pubsub -- -j12 -l12
[0.288s] Invoking command in '/home/naka-lab/action_ws/build/cpp_pubsub': CMAKE_PREFIX_PATH=${CMAKE_PREFIX_PATH}:/opt/ros/foxy /usr/bin/cmake --install /home/naka-lab/action_ws/build/cpp_pubsub
[0.308s] -- Install configuration: ""
[0.309s] -- Up-to-date: /home/naka-lab/action_ws/install/cpp_pubsub/lib/cpp_pubsub/listener
[0.309s] -- Up-to-date: /home/naka-lab/action_ws/install/cpp_pubsub/share/ament_index/resource_index/package_run_dependencies/cpp_pubsub
[0.309s] -- Up-to-date: /home/naka-lab/action_ws/install/cpp_pubsub/share/ament_index/resource_index/parent_prefix_path/cpp_pubsub
[0.310s] -- Up-to-date: /home/naka-lab/action_ws/install/cpp_pubsub/share/cpp_pubsub/environment/ament_prefix_path.sh
[0.310s] -- Up-to-date: /home/naka-lab/action_ws/install/cpp_pubsub/share/cpp_pubsub/environment/ament_prefix_path.dsv
[0.310s] -- Up-to-date: /home/naka-lab/action_ws/install/cpp_pubsub/share/cpp_pubsub/environment/path.sh
[0.310s] -- Up-to-date: /home/naka-lab/action_ws/install/cpp_pubsub/share/cpp_pubsub/environment/path.dsv
[0.310s] -- Up-to-date: /home/naka-lab/action_ws/install/cpp_pubsub/share/cpp_pubsub/local_setup.bash
[0.310s] -- Up-to-date: /home/naka-lab/action_ws/install/cpp_pubsub/share/cpp_pubsub/local_setup.sh
[0.311s] -- Up-to-date: /home/naka-lab/action_ws/install/cpp_pubsub/share/cpp_pubsub/local_setup.zsh
[0.311s] -- Up-to-date: /home/naka-lab/action_ws/install/cpp_pubsub/share/cpp_pubsub/local_setup.dsv
[0.311s] -- Installing: /home/naka-lab/action_ws/install/cpp_pubsub/share/cpp_pubsub/package.dsv
[0.311s] -- Up-to-date: /home/naka-lab/action_ws/install/cpp_pubsub/share/ament_index/resource_index/packages/cpp_pubsub
[0.311s] -- Up-to-date: /home/naka-lab/action_ws/install/cpp_pubsub/share/cpp_pubsub/cmake/cpp_pubsubConfig.cmake
[0.312s] -- Up-to-date: /home/naka-lab/action_ws/install/cpp_pubsub/share/cpp_pubsub/cmake/cpp_pubsubConfig-version.cmake
[0.312s] -- Up-to-date: /home/naka-lab/action_ws/install/cpp_pubsub/share/cpp_pubsub/package.xml
[0.328s] Invoked command in '/home/naka-lab/action_ws/build/cpp_pubsub' returned '0': CMAKE_PREFIX_PATH=${CMAKE_PREFIX_PATH}:/opt/ros/foxy /usr/bin/cmake --install /home/naka-lab/action_ws/build/cpp_pubsub
