[0.013s] Invoking command in '/home/naka-lab/action_ws/build/action_tutorials_cpp': CMAKE_PREFIX_PATH=/home/naka-lab/action_ws/install/action_tutorials_interfaces:/home/naka-lab/action_ws/install/cpp_pubsub:/home/naka-lab/action_ws/install/action_tutorials_cpp:/home/naka-lab/turtlebot3_ws/install/turtlebot3_simulations:/home/naka-lab/turtlebot3_ws/install/turtlebot3_gazebo:/home/naka-lab/turtlebot3_ws/install/turtlebot3_fake_node:/opt/ros/foxy /usr/bin/cmake --build /home/naka-lab/action_ws/build/action_tutorials_cpp -- -j12 -l12
[0.038s] -- Found ament_cmake: 0.9.9 (/opt/ros/foxy/share/ament_cmake/cmake)
[0.062s] -- Using PYTHON_EXECUTABLE: /usr/bin/python3
[0.239s] -- Found action_tutorials_interfaces: 0.0.0 (/home/naka-lab/action_ws/install/action_tutorials_interfaces/share/action_tutorials_interfaces/cmake)
[0.263s] -- Using all available rosidl_typesupport_c: rosidl_typesupport_fastrtps_c;rosidl_typesupport_introspection_c
[0.266s] -- Found rosidl_adapter: 1.2.1 (/opt/ros/foxy/share/rosidl_adapter/cmake)
[0.404s] -- Using all available rosidl_typesupport_cpp: rosidl_typesupport_fastrtps_cpp;rosidl_typesupport_introspection_cpp
[1.382s] -- Found rclcpp: 2.4.1 (/opt/ros/foxy/share/rclcpp/cmake)
[1.425s] -- Found rmw_implementation_cmake: 1.0.3 (/opt/ros/foxy/share/rmw_implementation_cmake/cmake)
[1.429s] -- Using RMW implementation 'rmw_fastrtps_cpp' as default
[1.585s] -- Found rclcpp_action: 2.4.1 (/opt/ros/foxy/share/rclcpp_action/cmake)
[1.623s] -- Found rclcpp_components: 2.4.1 (/opt/ros/foxy/share/rclcpp_components/cmake)
[1.692s] -- Found ament_lint_auto: 0.9.6 (/opt/ros/foxy/share/ament_lint_auto/cmake)
[1.754s] -- Added test 'copyright' to check source files copyright and LICENSE
[1.755s] -- Added test 'cppcheck' to perform static code analysis on C / C++ code
[1.755s] -- Configured cppcheck include dirs: 
[1.755s] -- Configured cppcheck exclude dirs and/or files: 
[1.756s] -- Added test 'cpplint' to check C / C++ code against the Google style
[1.756s] -- Configured cpplint exclude dirs and/or files: 
[1.756s] -- Added test 'lint_cmake' to check CMake code style
[1.757s] -- Added test 'uncrustify' to check C / C++ code style
[1.757s] -- Configured uncrustify additional arguments: 
[1.757s] -- Added test 'xmllint' to check XML markup files
[1.759s] -- Configuring done
[1.775s] -- Generating done
[1.778s] -- Build files have been written to: /home/naka-lab/action_ws/build/action_tutorials_cpp
[1.804s] [35m[1mScanning dependencies of target listener[0m
[1.823s] [ 50%] Built target nav2_send_goal
[1.836s] [ 75%] [32mBuilding CXX object CMakeFiles/listener.dir/src/subscriber_member_function.cpp.o[0m
[6.668s] [100%] [32m[1mLinking CXX executable listener[0m
[6.938s] [100%] Built target listener
[6.949s] Invoked command in '/home/naka-lab/action_ws/build/action_tutorials_cpp' returned '0': CMAKE_PREFIX_PATH=/home/naka-lab/action_ws/install/action_tutorials_interfaces:/home/naka-lab/action_ws/install/cpp_pubsub:/home/naka-lab/action_ws/install/action_tutorials_cpp:/home/naka-lab/turtlebot3_ws/install/turtlebot3_simulations:/home/naka-lab/turtlebot3_ws/install/turtlebot3_gazebo:/home/naka-lab/turtlebot3_ws/install/turtlebot3_fake_node:/opt/ros/foxy /usr/bin/cmake --build /home/naka-lab/action_ws/build/action_tutorials_cpp -- -j12 -l12
[6.975s] Invoking command in '/home/naka-lab/action_ws/build/action_tutorials_cpp': CMAKE_PREFIX_PATH=/home/naka-lab/action_ws/install/action_tutorials_interfaces:/home/naka-lab/action_ws/install/cpp_pubsub:/home/naka-lab/action_ws/install/action_tutorials_cpp:/home/naka-lab/turtlebot3_ws/install/turtlebot3_simulations:/home/naka-lab/turtlebot3_ws/install/turtlebot3_gazebo:/home/naka-lab/turtlebot3_ws/install/turtlebot3_fake_node:/opt/ros/foxy /usr/bin/cmake --install /home/naka-lab/action_ws/build/action_tutorials_cpp
[6.984s] -- Install configuration: ""
[6.984s] -- Up-to-date: /home/naka-lab/action_ws/install/action_tutorials_cpp/lib/action_tutorials_cpp/nav2_send_goal
[6.985s] -- Installing: /home/naka-lab/action_ws/install/action_tutorials_cpp/lib/action_tutorials_cpp/listener
[6.986s] -- Set runtime path of "/home/naka-lab/action_ws/install/action_tutorials_cpp/lib/action_tutorials_cpp/listener" to ""
[6.986s] -- Up-to-date: /home/naka-lab/action_ws/install/action_tutorials_cpp/share/ament_index/resource_index/package_run_dependencies/action_tutorials_cpp
[6.986s] -- Up-to-date: /home/naka-lab/action_ws/install/action_tutorials_cpp/share/ament_index/resource_index/parent_prefix_path/action_tutorials_cpp
[6.987s] -- Up-to-date: /home/naka-lab/action_ws/install/action_tutorials_cpp/share/action_tutorials_cpp/environment/ament_prefix_path.sh
[6.987s] -- Installing: /home/naka-lab/action_ws/install/action_tutorials_cpp/share/action_tutorials_cpp/environment/ament_prefix_path.dsv
[6.987s] -- Up-to-date: /home/naka-lab/action_ws/install/action_tutorials_cpp/share/action_tutorials_cpp/environment/path.sh
[6.987s] -- Installing: /home/naka-lab/action_ws/install/action_tutorials_cpp/share/action_tutorials_cpp/environment/path.dsv
[6.987s] -- Up-to-date: /home/naka-lab/action_ws/install/action_tutorials_cpp/share/action_tutorials_cpp/local_setup.bash
[6.987s] -- Up-to-date: /home/naka-lab/action_ws/install/action_tutorials_cpp/share/action_tutorials_cpp/local_setup.sh
[6.987s] -- Up-to-date: /home/naka-lab/action_ws/install/action_tutorials_cpp/share/action_tutorials_cpp/local_setup.zsh
[6.987s] -- Installing: /home/naka-lab/action_ws/install/action_tutorials_cpp/share/action_tutorials_cpp/local_setup.dsv
[6.987s] -- Installing: /home/naka-lab/action_ws/install/action_tutorials_cpp/share/action_tutorials_cpp/package.dsv
[6.987s] -- Up-to-date: /home/naka-lab/action_ws/install/action_tutorials_cpp/share/ament_index/resource_index/packages/action_tutorials_cpp
[6.987s] -- Up-to-date: /home/naka-lab/action_ws/install/action_tutorials_cpp/share/action_tutorials_cpp/cmake/action_tutorials_cppConfig.cmake
[6.987s] -- Up-to-date: /home/naka-lab/action_ws/install/action_tutorials_cpp/share/action_tutorials_cpp/cmake/action_tutorials_cppConfig-version.cmake
[6.987s] -- Up-to-date: /home/naka-lab/action_ws/install/action_tutorials_cpp/share/action_tutorials_cpp/package.xml
[6.990s] Invoked command in '/home/naka-lab/action_ws/build/action_tutorials_cpp' returned '0': CMAKE_PREFIX_PATH=/home/naka-lab/action_ws/install/action_tutorials_interfaces:/home/naka-lab/action_ws/install/cpp_pubsub:/home/naka-lab/action_ws/install/action_tutorials_cpp:/home/naka-lab/turtlebot3_ws/install/turtlebot3_simulations:/home/naka-lab/turtlebot3_ws/install/turtlebot3_gazebo:/home/naka-lab/turtlebot3_ws/install/turtlebot3_fake_node:/opt/ros/foxy /usr/bin/cmake --install /home/naka-lab/action_ws/build/action_tutorials_cpp
