[0.016s] Invoking command in '/home/naka-lab/action_ws/build/action_tutorials_interfaces': CMAKE_PREFIX_PATH=${CMAKE_PREFIX_PATH}:/opt/ros/foxy /usr/bin/cmake --build /home/naka-lab/action_ws/build/action_tutorials_interfaces -- -j12 -l12
[0.065s] [  3%] Built target action_tutorials_interfaces__cpp
[0.066s] [ 12%] Built target action_tutorials_interfaces__rosidl_generator_c
[0.091s] [ 32%] Built target action_tutorials_interfaces__rosidl_typesupport_c
[0.091s] [ 32%] Built target action_tutorials_interfaces__rosidl_typesupport_introspection_cpp
[0.092s] [ 41%] Built target action_tutorials_interfaces__rosidl_typesupport_cpp
[0.097s] [ 51%] Built target action_tutorials_interfaces__rosidl_typesupport_introspection_c
[0.099s] [ 61%] Built target action_tutorials_interfaces__rosidl_typesupport_fastrtps_cpp
[0.130s] [ 70%] Built target action_tutorials_interfaces__rosidl_typesupport_fastrtps_c
[0.150s] [ 70%] Built target action_tutorials_interfaces
[0.170s] [ 74%] Built target action_tutorials_interfaces__py
[0.196s] [ 80%] Built target action_tutorials_interfaces__python
[0.223s] [100%] Built target action_tutorials_interfaces__rosidl_typesupport_fastrtps_c__pyext
[0.223s] [100%] Built target action_tutorials_interfaces__rosidl_typesupport_introspection_c__pyext
[0.223s] [100%] Built target action_tutorials_interfaces__rosidl_typesupport_c__pyext
[0.235s] Invoked command in '/home/naka-lab/action_ws/build/action_tutorials_interfaces' returned '0': CMAKE_PREFIX_PATH=${CMAKE_PREFIX_PATH}:/opt/ros/foxy /usr/bin/cmake --build /home/naka-lab/action_ws/build/action_tutorials_interfaces -- -j12 -l12
[0.292s] Invoking command in '/home/naka-lab/action_ws/build/action_tutorials_interfaces': CMAKE_PREFIX_PATH=${CMAKE_PREFIX_PATH}:/opt/ros/foxy /usr/bin/cmake --install /home/naka-lab/action_ws/build/action_tutorials_interfaces
[0.300s] -- Install configuration: ""
[0.301s] -- Up-to-date: /home/naka-lab/action_ws/install/action_tutorials_interfaces/share/ament_index/resource_index/rosidl_interfaces/action_tutorials_interfaces
[0.301s] -- Up-to-date: /home/naka-lab/action_ws/install/action_tutorials_interfaces/include/action_tutorials_interfaces
[0.301s] -- Up-to-date: /home/naka-lab/action_ws/install/action_tutorials_interfaces/include/action_tutorials_interfaces/msg
[0.301s] -- Up-to-date: /home/naka-lab/action_ws/install/action_tutorials_interfaces/include/action_tutorials_interfaces/msg/rosidl_generator_c__visibility_control.h
[0.301s] -- Up-to-date: /home/naka-lab/action_ws/install/action_tutorials_interfaces/include/action_tutorials_interfaces/action
[0.301s] -- Up-to-date: /home/naka-lab/action_ws/install/action_tutorials_interfaces/include/action_tutorials_interfaces/action/navigate_to_pose.h
[0.301s] -- Up-to-date: /home/naka-lab/action_ws/install/action_tutorials_interfaces/include/action_tutorials_interfaces/action/detail
[0.301s] -- Up-to-date: /home/naka-lab/action_ws/install/action_tutorials_interfaces/include/action_tutorials_interfaces/action/detail/navigate_to_pose__functions.h
[0.301s] -- Up-to-date: /home/naka-lab/action_ws/install/action_tutorials_interfaces/include/action_tutorials_interfaces/action/detail/navigate_to_pose__struct.h
[0.301s] -- Up-to-date: /home/naka-lab/action_ws/install/action_tutorials_interfaces/include/action_tutorials_interfaces/action/detail/navigate_to_pose__functions.c
[0.301s] -- Up-to-date: /home/naka-lab/action_ws/install/action_tutorials_interfaces/include/action_tutorials_interfaces/action/detail/navigate_to_pose__type_support.h
[0.301s] -- Up-to-date: /home/naka-lab/action_ws/install/action_tutorials_interfaces/share/action_tutorials_interfaces/environment/library_path.sh
[0.302s] -- Up-to-date: /home/naka-lab/action_ws/install/action_tutorials_interfaces/share/action_tutorials_interfaces/environment/library_path.dsv
[0.302s] -- Up-to-date: /home/naka-lab/action_ws/install/action_tutorials_interfaces/lib/libaction_tutorials_interfaces__rosidl_generator_c.so
[0.302s] -- Up-to-date: /home/naka-lab/action_ws/install/action_tutorials_interfaces/include/action_tutorials_interfaces
[0.302s] -- Up-to-date: /home/naka-lab/action_ws/install/action_tutorials_interfaces/include/action_tutorials_interfaces/msg
[0.302s] -- Up-to-date: /home/naka-lab/action_ws/install/action_tutorials_interfaces/include/action_tutorials_interfaces/msg/rosidl_typesupport_fastrtps_c__visibility_control.h
[0.302s] -- Up-to-date: /home/naka-lab/action_ws/install/action_tutorials_interfaces/include/action_tutorials_interfaces/action
[0.302s] -- Up-to-date: /home/naka-lab/action_ws/install/action_tutorials_interfaces/include/action_tutorials_interfaces/action/detail
[0.302s] -- Up-to-date: /home/naka-lab/action_ws/install/action_tutorials_interfaces/include/action_tutorials_interfaces/action/detail/navigate_to_pose__rosidl_typesupport_fastrtps_c.h
[0.302s] -- Up-to-date: /home/naka-lab/action_ws/install/action_tutorials_interfaces/lib/libaction_tutorials_interfaces__rosidl_typesupport_fastrtps_c.so
[0.302s] -- Up-to-date: /home/naka-lab/action_ws/install/action_tutorials_interfaces/include/action_tutorials_interfaces
[0.302s] -- Up-to-date: /home/naka-lab/action_ws/install/action_tutorials_interfaces/include/action_tutorials_interfaces/msg
[0.302s] -- Up-to-date: /home/naka-lab/action_ws/install/action_tutorials_interfaces/include/action_tutorials_interfaces/msg/rosidl_typesupport_fastrtps_cpp__visibility_control.h
[0.303s] -- Up-to-date: /home/naka-lab/action_ws/install/action_tutorials_interfaces/include/action_tutorials_interfaces/action
[0.303s] -- Up-to-date: /home/naka-lab/action_ws/install/action_tutorials_interfaces/include/action_tutorials_interfaces/action/detail
[0.303s] -- Up-to-date: /home/naka-lab/action_ws/install/action_tutorials_interfaces/include/action_tutorials_interfaces/action/detail/navigate_to_pose__rosidl_typesupport_fastrtps_cpp.hpp
[0.303s] -- Up-to-date: /home/naka-lab/action_ws/install/action_tutorials_interfaces/include/action_tutorials_interfaces/action/detail/dds_fastrtps
[0.303s] -- Up-to-date: /home/naka-lab/action_ws/install/action_tutorials_interfaces/lib/libaction_tutorials_interfaces__rosidl_typesupport_fastrtps_cpp.so
[0.303s] -- Up-to-date: /home/naka-lab/action_ws/install/action_tutorials_interfaces/include/action_tutorials_interfaces
[0.303s] -- Up-to-date: /home/naka-lab/action_ws/install/action_tutorials_interfaces/include/action_tutorials_interfaces/msg
[0.303s] -- Up-to-date: /home/naka-lab/action_ws/install/action_tutorials_interfaces/include/action_tutorials_interfaces/msg/rosidl_typesupport_introspection_c__visibility_control.h
[0.303s] -- Up-to-date: /home/naka-lab/action_ws/install/action_tutorials_interfaces/include/action_tutorials_interfaces/action
[0.303s] -- Up-to-date: /home/naka-lab/action_ws/install/action_tutorials_interfaces/include/action_tutorials_interfaces/action/detail
[0.303s] -- Up-to-date: /home/naka-lab/action_ws/install/action_tutorials_interfaces/include/action_tutorials_interfaces/action/detail/navigate_to_pose__type_support.c
[0.303s] -- Up-to-date: /home/naka-lab/action_ws/install/action_tutorials_interfaces/include/action_tutorials_interfaces/action/detail/navigate_to_pose__rosidl_typesupport_introspection_c.h
[0.303s] -- Up-to-date: /home/naka-lab/action_ws/install/action_tutorials_interfaces/lib/libaction_tutorials_interfaces__rosidl_typesupport_introspection_c.so
[0.304s] -- Up-to-date: /home/naka-lab/action_ws/install/action_tutorials_interfaces/lib/libaction_tutorials_interfaces__rosidl_typesupport_c.so
[0.304s] -- Up-to-date: /home/naka-lab/action_ws/install/action_tutorials_interfaces/include/action_tutorials_interfaces
[0.304s] -- Up-to-date: /home/naka-lab/action_ws/install/action_tutorials_interfaces/include/action_tutorials_interfaces/action
[0.304s] -- Up-to-date: /home/naka-lab/action_ws/install/action_tutorials_interfaces/include/action_tutorials_interfaces/action/navigate_to_pose.hpp
[0.304s] -- Up-to-date: /home/naka-lab/action_ws/install/action_tutorials_interfaces/include/action_tutorials_interfaces/action/detail
[0.304s] -- Up-to-date: /home/naka-lab/action_ws/install/action_tutorials_interfaces/include/action_tutorials_interfaces/action/detail/navigate_to_pose__builder.hpp
[0.304s] -- Up-to-date: /home/naka-lab/action_ws/install/action_tutorials_interfaces/include/action_tutorials_interfaces/action/detail/navigate_to_pose__traits.hpp
[0.304s] -- Up-to-date: /home/naka-lab/action_ws/install/action_tutorials_interfaces/include/action_tutorials_interfaces/action/detail/navigate_to_pose__struct.hpp
[0.304s] -- Up-to-date: /home/naka-lab/action_ws/install/action_tutorials_interfaces/include/action_tutorials_interfaces
[0.304s] -- Up-to-date: /home/naka-lab/action_ws/install/action_tutorials_interfaces/include/action_tutorials_interfaces/action
[0.305s] -- Up-to-date: /home/naka-lab/action_ws/install/action_tutorials_interfaces/include/action_tutorials_interfaces/action/detail
[0.305s] -- Up-to-date: /home/naka-lab/action_ws/install/action_tutorials_interfaces/include/action_tutorials_interfaces/action/detail/navigate_to_pose__rosidl_typesupport_introspection_cpp.hpp
[0.305s] -- Up-to-date: /home/naka-lab/action_ws/install/action_tutorials_interfaces/include/action_tutorials_interfaces/action/detail/navigate_to_pose__type_support.cpp
[0.305s] -- Up-to-date: /home/naka-lab/action_ws/install/action_tutorials_interfaces/lib/libaction_tutorials_interfaces__rosidl_typesupport_introspection_cpp.so
[0.305s] -- Up-to-date: /home/naka-lab/action_ws/install/action_tutorials_interfaces/lib/libaction_tutorials_interfaces__rosidl_typesupport_cpp.so
[0.305s] -- Up-to-date: /home/naka-lab/action_ws/install/action_tutorials_interfaces/share/action_tutorials_interfaces/environment/pythonpath.sh
[0.305s] -- Up-to-date: /home/naka-lab/action_ws/install/action_tutorials_interfaces/share/action_tutorials_interfaces/environment/pythonpath.dsv
[0.305s] -- Up-to-date: /home/naka-lab/action_ws/install/action_tutorials_interfaces/lib/python3.8/site-packages/action_tutorials_interfaces/__init__.py
[0.337s] -- Up-to-date: /home/naka-lab/action_ws/install/action_tutorials_interfaces/lib/python3.8/site-packages/action_tutorials_interfaces/action
[0.337s] -- Up-to-date: /home/naka-lab/action_ws/install/action_tutorials_interfaces/lib/python3.8/site-packages/action_tutorials_interfaces/action/_navigate_to_pose_s.c
[0.337s] -- Up-to-date: /home/naka-lab/action_ws/install/action_tutorials_interfaces/lib/python3.8/site-packages/action_tutorials_interfaces/action/__init__.py
[0.337s] -- Up-to-date: /home/naka-lab/action_ws/install/action_tutorials_interfaces/lib/python3.8/site-packages/action_tutorials_interfaces/action/_navigate_to_pose.py
[0.337s] -- Up-to-date: /home/naka-lab/action_ws/install/action_tutorials_interfaces/lib/python3.8/site-packages/action_tutorials_interfaces/action_tutorials_interfaces_s__rosidl_typesupport_fastrtps_c.cpython-38-x86_64-linux-gnu.so
[0.338s] -- Up-to-date: /home/naka-lab/action_ws/install/action_tutorials_interfaces/lib/python3.8/site-packages/action_tutorials_interfaces/action_tutorials_interfaces_s__rosidl_typesupport_introspection_c.cpython-38-x86_64-linux-gnu.so
[0.339s] -- Up-to-date: /home/naka-lab/action_ws/install/action_tutorials_interfaces/lib/python3.8/site-packages/action_tutorials_interfaces/action_tutorials_interfaces_s__rosidl_typesupport_c.cpython-38-x86_64-linux-gnu.so
[0.339s] -- Up-to-date: /home/naka-lab/action_ws/install/action_tutorials_interfaces/lib/libaction_tutorials_interfaces__python.so
[0.340s] -- Up-to-date: /home/naka-lab/action_ws/install/action_tutorials_interfaces/share/action_tutorials_interfaces/action/NavigateToPose.idl
[0.340s] -- Up-to-date: /home/naka-lab/action_ws/install/action_tutorials_interfaces/share/action_tutorials_interfaces/action/NavigateToPose.action
[0.340s] -- Up-to-date: /home/naka-lab/action_ws/install/action_tutorials_interfaces/share/ament_index/resource_index/package_run_dependencies/action_tutorials_interfaces
[0.340s] -- Up-to-date: /home/naka-lab/action_ws/install/action_tutorials_interfaces/share/ament_index/resource_index/parent_prefix_path/action_tutorials_interfaces
[0.340s] -- Up-to-date: /home/naka-lab/action_ws/install/action_tutorials_interfaces/share/action_tutorials_interfaces/environment/ament_prefix_path.sh
[0.340s] -- Up-to-date: /home/naka-lab/action_ws/install/action_tutorials_interfaces/share/action_tutorials_interfaces/environment/ament_prefix_path.dsv
[0.341s] -- Up-to-date: /home/naka-lab/action_ws/install/action_tutorials_interfaces/share/action_tutorials_interfaces/environment/path.sh
[0.341s] -- Up-to-date: /home/naka-lab/action_ws/install/action_tutorials_interfaces/share/action_tutorials_interfaces/environment/path.dsv
[0.341s] -- Up-to-date: /home/naka-lab/action_ws/install/action_tutorials_interfaces/share/action_tutorials_interfaces/local_setup.bash
[0.341s] -- Up-to-date: /home/naka-lab/action_ws/install/action_tutorials_interfaces/share/action_tutorials_interfaces/local_setup.sh
[0.341s] -- Up-to-date: /home/naka-lab/action_ws/install/action_tutorials_interfaces/share/action_tutorials_interfaces/local_setup.zsh
[0.341s] -- Up-to-date: /home/naka-lab/action_ws/install/action_tutorials_interfaces/share/action_tutorials_interfaces/local_setup.dsv
[0.341s] -- Installing: /home/naka-lab/action_ws/install/action_tutorials_interfaces/share/action_tutorials_interfaces/package.dsv
[0.341s] -- Up-to-date: /home/naka-lab/action_ws/install/action_tutorials_interfaces/share/ament_index/resource_index/packages/action_tutorials_interfaces
[0.341s] -- Up-to-date: /home/naka-lab/action_ws/install/action_tutorials_interfaces/share/action_tutorials_interfaces/cmake/action_tutorials_interfaces__rosidl_generator_cExport.cmake
[0.341s] -- Up-to-date: /home/naka-lab/action_ws/install/action_tutorials_interfaces/share/action_tutorials_interfaces/cmake/action_tutorials_interfaces__rosidl_generator_cExport-noconfig.cmake
[0.341s] -- Up-to-date: /home/naka-lab/action_ws/install/action_tutorials_interfaces/share/action_tutorials_interfaces/cmake/action_tutorials_interfaces__rosidl_typesupport_introspection_cExport.cmake
[0.341s] -- Up-to-date: /home/naka-lab/action_ws/install/action_tutorials_interfaces/share/action_tutorials_interfaces/cmake/action_tutorials_interfaces__rosidl_typesupport_introspection_cExport-noconfig.cmake
[0.341s] -- Up-to-date: /home/naka-lab/action_ws/install/action_tutorials_interfaces/share/action_tutorials_interfaces/cmake/action_tutorials_interfaces__rosidl_typesupport_cExport.cmake
[0.341s] -- Up-to-date: /home/naka-lab/action_ws/install/action_tutorials_interfaces/share/action_tutorials_interfaces/cmake/action_tutorials_interfaces__rosidl_typesupport_cExport-noconfig.cmake
[0.342s] -- Up-to-date: /home/naka-lab/action_ws/install/action_tutorials_interfaces/share/action_tutorials_interfaces/cmake/action_tutorials_interfaces__rosidl_generator_cppExport.cmake
[0.342s] -- Up-to-date: /home/naka-lab/action_ws/install/action_tutorials_interfaces/share/action_tutorials_interfaces/cmake/action_tutorials_interfaces__rosidl_typesupport_introspection_cppExport.cmake
[0.342s] -- Up-to-date: /home/naka-lab/action_ws/install/action_tutorials_interfaces/share/action_tutorials_interfaces/cmake/action_tutorials_interfaces__rosidl_typesupport_introspection_cppExport-noconfig.cmake
[0.342s] -- Up-to-date: /home/naka-lab/action_ws/install/action_tutorials_interfaces/share/action_tutorials_interfaces/cmake/action_tutorials_interfaces__rosidl_typesupport_cppExport.cmake
[0.342s] -- Up-to-date: /home/naka-lab/action_ws/install/action_tutorials_interfaces/share/action_tutorials_interfaces/cmake/action_tutorials_interfaces__rosidl_typesupport_cppExport-noconfig.cmake
[0.342s] -- Up-to-date: /home/naka-lab/action_ws/install/action_tutorials_interfaces/share/action_tutorials_interfaces/cmake/rosidl_cmake-extras.cmake
[0.342s] -- Up-to-date: /home/naka-lab/action_ws/install/action_tutorials_interfaces/share/action_tutorials_interfaces/cmake/ament_cmake_export_dependencies-extras.cmake
[0.342s] -- Up-to-date: /home/naka-lab/action_ws/install/action_tutorials_interfaces/share/action_tutorials_interfaces/cmake/ament_cmake_export_libraries-extras.cmake
[0.342s] -- Up-to-date: /home/naka-lab/action_ws/install/action_tutorials_interfaces/share/action_tutorials_interfaces/cmake/ament_cmake_export_targets-extras.cmake
[0.342s] -- Up-to-date: /home/naka-lab/action_ws/install/action_tutorials_interfaces/share/action_tutorials_interfaces/cmake/ament_cmake_export_include_directories-extras.cmake
[0.343s] -- Up-to-date: /home/naka-lab/action_ws/install/action_tutorials_interfaces/share/action_tutorials_interfaces/cmake/rosidl_cmake_export_typesupport_libraries-extras.cmake
[0.343s] -- Up-to-date: /home/naka-lab/action_ws/install/action_tutorials_interfaces/share/action_tutorials_interfaces/cmake/rosidl_cmake_export_typesupport_targets-extras.cmake
[0.343s] -- Up-to-date: /home/naka-lab/action_ws/install/action_tutorials_interfaces/share/action_tutorials_interfaces/cmake/action_tutorials_interfacesConfig.cmake
[0.343s] -- Up-to-date: /home/naka-lab/action_ws/install/action_tutorials_interfaces/share/action_tutorials_interfaces/cmake/action_tutorials_interfacesConfig-version.cmake
[0.343s] -- Up-to-date: /home/naka-lab/action_ws/install/action_tutorials_interfaces/share/action_tutorials_interfaces/package.xml
[0.345s] Invoked command in '/home/naka-lab/action_ws/build/action_tutorials_interfaces' returned '0': CMAKE_PREFIX_PATH=${CMAKE_PREFIX_PATH}:/opt/ros/foxy /usr/bin/cmake --install /home/naka-lab/action_ws/build/action_tutorials_interfaces
